<?xml version="1.0" encoding="UTF-8"?>
<testsuite xmlns:xsi="http://www.w3.org/2001/XMLSchema-instance" xsi:noNamespaceSchemaLocation="https://maven.apache.org/surefire/maven-failsafe-plugin/xsd/failsafe-test-report-3.0.xsd" version="3.0" name="starter.CucumberTestSuite" time="18.209" tests="1" errors="0" skipped="0" failures="0">
  <properties>
[...]
</properties>
  <testcase name="User successfully login with input right username and password" classname="Form Authentication" time="14.199">
    <system-out><![CDATA[14:13:32.756 [main] DEBUG net.thucydides.core.guice.Injectors - Created injector for module net.thucydides.core.guice.ThucydidesModule
14:13:33.045 [main] DEBUG io.cucumber.core.plugin.SerenityReporter - Running feature from file:///E:/Magangs/MSIB/Stupen/Alterra/CobaBDD/TugasKelompok/bdd/src/test/resources/features/Form.feature
14:13:33.209 [main] DEBUG net.thucydides.core.guice.Injectors - Created injector for module net.thucydides.core.guice.webdriver.WebDriverModule
14:13:33.231 [main] INFO  - 

-------------------------------------------------------------------------------------
     _______. _______ .______       _______ .__   __.  __  .___________.____    ____ 
    /       ||   ____||   _  \     |   ____||  \ |  | |  | |           |\   \  /   / 
   |   (----`|  |__   |  |_)  |    |  |__   |   \|  | |  | `---|  |----` \   \/   /  
    \   \    |   __|  |      /     |   __|  |  . `  | |  |     |  |       \_    _/   
.----)   |   |  |____ |  |\  \----.|  |____ |  |\   | |  |     |  |         |  |     
|_______/    |_______|| _| `._____||_______||__| \__| |__|     |__|         |__|    
                                                                                     
 News and tutorials at http://www.serenity-bdd.info                                  
 Documentation at https://wakaleo.gitbooks.io/the-serenity-book/content/             
 Join the Serenity Community on Gitter: https://gitter.im/serenity-bdd/serenity-core 
 Serenity BDD Support and Training at http://serenity-bdd.info/#/trainingandsupport  
-------------------------------------------------------------------------------------

14:13:33.234 [main] DEBUG net.thucydides.core.steps.StepEventBus - Test suite started for story net.thucydides.core.model.Story@1e4b596b
14:13:33.235 [main] INFO  - Test Suite Started: Form Authentication
14:13:33.254 [main] DEBUG io.cucumber.core.plugin.SerenityReporter - Running feature from file:///E:/Magangs/MSIB/Stupen/Alterra/CobaBDD/TugasKelompok/bdd/src/test/resources/features/Form.feature
14:13:33.258 [main] DEBUG net.thucydides.core.steps.StepEventBus - Test suite started for story net.thucydides.core.model.Story@1e4b596b
14:13:33.259 [main] INFO  - Test Suite Started: Form Authentication

Scenario: User successfully login with input right username and password &amp#27;[90m# src/test/resources/features/Form.feature:7&amp#27;[0m
14:13:33.374 [main] DEBUG io.cucumber.core.plugin.SerenityReporter - Running feature from file:///E:/Magangs/MSIB/Stupen/Alterra/CobaBDD/TugasKelompok/bdd/src/test/resources/features/Form.feature
14:13:33.512 [main] INFO  - 
  _____   ___   ___   _____     ___   _____     _     ___   _____   ___   ___  
 |_   _| | __| / __| |_   _|   / __| |_   _|   /_\   | _ \ |_   _| | __| |   \ 
   | |   | _|  \__ \   | |     \__ \   | |    / _ \  |   /   | |   | _|  | |) |
   |_|   |___| |___/   |_|     |___/   |_|   /_/ \_\ |_|_\   |_|   |___| |___/ 

User successfully login with input right username and password(form-authentication;user-successfully-login-with-input-right-username-and-password)
--------------------------------------------------------------------------------
14:13:33.579 [main] DEBUG net.thucydides.core.requirements.model.cucumber.CucumberParser - Loading feature E:\Magangs\MSIB\Stupen\Alterra\CobaBDD\TugasKelompok\bdd\src\test\resources\features\Form.feature
14:13:34.658 [main] DEBUG net.thucydides.core.steps.StepInterceptor - STARTING STEP: FormSteps.onTheHomePage - openPage
14:13:34.776 [main] INFO net.serenitybdd.core.webdriver.driverproviders.ChromeDriverProvider - Starting Chrome driver instance with capabilities:
14:13:34.781 [main] INFO net.serenitybdd.core.webdriver.driverproviders.ChromeDriverProvider - Capabilities {acceptInsecureCerts: false, browserName: chrome, goog:chromeOptions: {args: [remote-allow-origins=*], extensions: []}}
14:13:34.894 [main] DEBUG io.netty.util.internal.logging.InternalLoggerFactory - Using SLF4J as the default logging framework
14:13:34.897 [main] DEBUG io.netty.util.ResourceLeakDetector - -Dio.netty.leakDetection.level: simple
14:13:34.897 [main] DEBUG io.netty.util.ResourceLeakDetector - -Dio.netty.leakDetection.targetRecords: 4
14:13:34.901 [main] DEBUG io.netty.util.ResourceLeakDetectorFactory - Loaded default ResourceLeakDetector: io.netty.util.ResourceLeakDetector@216372b7
14:13:34.918 [main] DEBUG io.netty.util.internal.PlatformDependent0 - -Dio.netty.noUnsafe: false
14:13:34.919 [main] DEBUG io.netty.util.internal.PlatformDependent0 - Java version: 15
14:13:34.920 [main] DEBUG io.netty.util.internal.PlatformDependent0 - sun.misc.Unsafe.theUnsafe: available
14:13:34.921 [main] DEBUG io.netty.util.internal.PlatformDependent0 - sun.misc.Unsafe.copyMemory: available
14:13:34.921 [main] DEBUG io.netty.util.internal.PlatformDependent0 - sun.misc.Unsafe.storeFence: available
14:13:34.922 [main] DEBUG io.netty.util.internal.PlatformDependent0 - java.nio.Buffer.address: available
14:13:34.923 [main] DEBUG io.netty.util.internal.PlatformDependent0 - direct buffer constructor: unavailable: Reflective setAccessible(true) disabled
14:13:34.924 [main] DEBUG io.netty.util.internal.PlatformDependent0 - java.nio.Bits.unaligned: available, true
14:13:34.926 [main] DEBUG io.netty.util.internal.PlatformDependent0 - jdk.internal.misc.Unsafe.allocateUninitializedArray(int): unavailable: class io.netty.util.internal.PlatformDependent0$7 cannot access class jdk.internal.misc.Unsafe (in module java.base) because module java.base does not export jdk.internal.misc to unnamed module @600b0b7
14:13:34.927 [main] DEBUG io.netty.util.internal.PlatformDependent0 - java.nio.DirectByteBuffer.<init>(long, int): unavailable
14:13:34.927 [main] DEBUG io.netty.util.internal.PlatformDependent - sun.misc.Unsafe: available
14:13:34.928 [main] DEBUG io.netty.util.internal.PlatformDependent - maxDirectMemory: 4133486592 bytes (maybe)
14:13:34.928 [main] DEBUG io.netty.util.internal.PlatformDependent - -Dio.netty.tmpdir: C:\Users\WINDOW~1\AppData\Local\Temp (java.io.tmpdir)
14:13:34.929 [main] DEBUG io.netty.util.internal.PlatformDependent - -Dio.netty.bitMode: 64 (sun.arch.data.model)
14:13:34.929 [main] DEBUG io.netty.util.internal.PlatformDependent - Platform: Windows
14:13:34.930 [main] DEBUG io.netty.util.internal.PlatformDependent - -Dio.netty.maxDirectMemory: -1 bytes
14:13:34.930 [main] DEBUG io.netty.util.internal.PlatformDependent - -Dio.netty.uninitializedArrayAllocationThreshold: -1
14:13:34.933 [main] DEBUG io.netty.util.internal.CleanerJava9 - java.nio.ByteBuffer.cleaner(): available
14:13:34.933 [main] DEBUG io.netty.util.internal.PlatformDependent - -Dio.netty.noPreferDirect: false
14:13:34.940 [main] DEBUG io.netty.util.internal.PlatformDependent - org.jctools-core.MpscChunkedArrayQueue: available
14:13:34.960 [main] DEBUG io.netty.util.internal.InternalThreadLocalMap - -Dio.netty.threadLocalMap.stringBuilder.initialSize: 1024
14:13:34.960 [main] DEBUG io.netty.util.internal.InternalThreadLocalMap - -Dio.netty.threadLocalMap.stringBuilder.maxSize: 4096
14:13:35.128 [main] DEBUG io.netty.handler.ssl.JdkSslContext - Default protocols (JDK): [TLSv1.3, TLSv1.2, TLSv1.1, TLSv1] 
14:13:35.128 [main] DEBUG io.netty.handler.ssl.JdkSslContext - Default cipher suites (JDK): [TLS_ECDHE_ECDSA_WITH_AES_256_GCM_SHA384, TLS_ECDHE_ECDSA_WITH_AES_128_GCM_SHA256, TLS_ECDHE_RSA_WITH_AES_128_GCM_SHA256, TLS_ECDHE_RSA_WITH_AES_256_GCM_SHA384, TLS_ECDHE_RSA_WITH_AES_128_CBC_SHA, TLS_ECDHE_RSA_WITH_AES_256_CBC_SHA, TLS_RSA_WITH_AES_128_GCM_SHA256, TLS_RSA_WITH_AES_128_CBC_SHA, TLS_RSA_WITH_AES_256_CBC_SHA, TLS_AES_128_GCM_SHA256, TLS_AES_256_GCM_SHA384]
14:13:35.155 [main] DEBUG io.netty.channel.MultithreadEventLoopGroup - -Dio.netty.eventLoopThreads: 32
14:13:35.165 [main] DEBUG io.netty.channel.nio.NioEventLoop - -Dio.netty.noKeySetOptimization: false
14:13:35.165 [main] DEBUG io.netty.channel.nio.NioEventLoop - -Dio.netty.selectorAutoRebuildThreshold: 512
14:13:35.221 [main] DEBUG io.netty.buffer.PooledByteBufAllocator - -Dio.netty.allocator.numHeapArenas: 32
14:13:35.221 [main] DEBUG io.netty.buffer.PooledByteBufAllocator - -Dio.netty.allocator.numDirectArenas: 32
14:13:35.221 [main] DEBUG io.netty.buffer.PooledByteBufAllocator - -Dio.netty.allocator.pageSize: 8192
14:13:35.221 [main] DEBUG io.netty.buffer.PooledByteBufAllocator - -Dio.netty.allocator.maxOrder: 9
14:13:35.221 [main] DEBUG io.netty.buffer.PooledByteBufAllocator - -Dio.netty.allocator.chunkSize: 4194304
14:13:35.221 [main] DEBUG io.netty.buffer.PooledByteBufAllocator - -Dio.netty.allocator.smallCacheSize: 256
14:13:35.221 [main] DEBUG io.netty.buffer.PooledByteBufAllocator - -Dio.netty.allocator.normalCacheSize: 64
14:13:35.221 [main] DEBUG io.netty.buffer.PooledByteBufAllocator - -Dio.netty.allocator.maxCachedBufferCapacity: 32768
14:13:35.221 [main] DEBUG io.netty.buffer.PooledByteBufAllocator - -Dio.netty.allocator.cacheTrimInterval: 8192
14:13:35.221 [main] DEBUG io.netty.buffer.PooledByteBufAllocator - -Dio.netty.allocator.cacheTrimIntervalMillis: 0
14:13:35.221 [main] DEBUG io.netty.buffer.PooledByteBufAllocator - -Dio.netty.allocator.useCacheForAllThreads: false
14:13:35.221 [main] DEBUG io.netty.buffer.PooledByteBufAllocator - -Dio.netty.allocator.maxCachedByteBuffersPerChunk: 1023
14:13:35.231 [main] DEBUG io.netty.buffer.ByteBufUtil - -Dio.netty.allocator.type: pooled
14:13:35.232 [main] DEBUG io.netty.buffer.ByteBufUtil - -Dio.netty.threadLocalDirectBufferSize: 0
14:13:35.232 [main] DEBUG io.netty.buffer.ByteBufUtil - -Dio.netty.maxThreadLocalCharBufferSize: 16384
14:13:35.500 [Forwarding newSession on session null to remote] DEBUG io.netty.channel.DefaultChannelId - -Dio.netty.processId: 18676 (auto-detected)
14:13:35.501 [Forwarding newSession on session null to remote] DEBUG io.netty.util.NetUtil - -Djava.net.preferIPv4Stack: false
14:13:35.501 [Forwarding newSession on session null to remote] DEBUG io.netty.util.NetUtil - -Djava.net.preferIPv6Addresses: false
14:13:35.526 [Forwarding newSession on session null to remote] DEBUG io.netty.util.NetUtilInitializations - Loopback interface: lo (Software Loopback Interface 1, 127.0.0.1)
14:13:35.527 [Forwarding newSession on session null to remote] DEBUG io.netty.util.NetUtil - Failed to get SOMAXCONN from sysctl and file \proc\sys\net\core\somaxconn. Default: 200
14:13:35.603 [Forwarding newSession on session null to remote] DEBUG io.netty.channel.DefaultChannelId - -Dio.netty.machineId: 34:cf:f6:ff:fe:2b:0c:19 (auto-detected)
14:13:35.649 [AsyncHttpClient-1-2] DEBUG io.netty.buffer.AbstractByteBuf - -Dio.netty.buffer.checkAccessible: true
14:13:35.649 [AsyncHttpClient-1-2] DEBUG io.netty.buffer.AbstractByteBuf - -Dio.netty.buffer.checkBounds: true
14:13:35.649 [AsyncHttpClient-1-2] DEBUG io.netty.util.ResourceLeakDetectorFactory - Loaded default ResourceLeakDetector: io.netty.util.ResourceLeakDetector@776f343a
14:13:35.661 [AsyncHttpClient-1-2] DEBUG org.asynchttpclient.netty.channel.NettyConnectListener - Using new Channel '[id: 0x36e2ac44, L:/127.0.0.1:63214 - R:localhost/127.0.0.1:11917]' for 'POST' to '/session'
14:13:35.675 [AsyncHttpClient-1-2] DEBUG io.netty.util.Recycler - -Dio.netty.recycler.maxCapacityPerThread: 4096
14:13:35.675 [AsyncHttpClient-1-2] DEBUG io.netty.util.Recycler - -Dio.netty.recycler.ratio: 8
14:13:35.675 [AsyncHttpClient-1-2] DEBUG io.netty.util.Recycler - -Dio.netty.recycler.chunkSize: 32
14:13:35.675 [AsyncHttpClient-1-2] DEBUG io.netty.util.Recycler - -Dio.netty.recycler.blocking: false
14:13:36.360 [AsyncHttpClient-1-2] DEBUG io.netty.handler.codec.compression.Brotli - brotli4j not in the classpath; Brotli support will be unavailable.
14:13:36.360 [AsyncHttpClient-1-2] DEBUG org.asynchttpclient.netty.handler.HttpHandler - 

Request DefaultHttpRequest(decodeResult: success, version: HTTP/1.1)
POST /session HTTP/1.1
User-Agent: selenium/4.8.1 (java windows)
Content-Length: 507
Content-Type: application/json; charset=utf-8
host: localhost:11917
accept: */*

Response DefaultHttpResponse(decodeResult: success, version: HTTP/1.1)
HTTP/1.1 200 OK
Content-Length: 862
Content-Type: application/json; charset=utf-8
cache-control: no-cache

14:13:36.365 [AsyncHttpClient-1-2] DEBUG org.asynchttpclient.netty.channel.ChannelManager - Adding key: http://localhost:11917 for channel [id: 0x36e2ac44, L:/127.0.0.1:63214 - R:localhost/127.0.0.1:11917]
14:13:36.421 [AsyncHttpClient-1-3] DEBUG org.asynchttpclient.netty.channel.NettyConnectListener - Using new Channel '[id: 0xbcf1f037, L:/127.0.0.1:63221 - R:localhost/127.0.0.1:63215]' for 'GET' to '/json/version'
14:13:36.425 [AsyncHttpClient-1-3] DEBUG org.asynchttpclient.netty.handler.HttpHandler - 

Request DefaultFullHttpRequest(decodeResult: success, version: HTTP/1.1, content: EmptyByteBufBE)
GET /json/version HTTP/1.1
User-Agent: selenium/4.8.1 (java windows)
host: localhost:63215
accept: */*

Response DefaultHttpResponse(decodeResult: success, version: HTTP/1.1)
HTTP/1.1 200 OK
Content-Security-Policy: frame-ancestors 'none'
Content-Length: 424
Content-Type: application/json; charset=UTF-8

14:13:36.425 [AsyncHttpClient-1-3] DEBUG org.asynchttpclient.netty.channel.ChannelManager - Adding key: http://localhost:63215 for channel [id: 0xbcf1f037, L:/127.0.0.1:63221 - R:localhost/127.0.0.1:63215]
14:13:36.433 [main] DEBUG io.netty.util.internal.ThreadLocalRandom - -Dio.netty.initialSeedUniquifier: 0x757ef7cc72069afa
14:13:36.435 [AsyncHttpClient-1-4] DEBUG org.asynchttpclient.netty.channel.NettyConnectListener - Using new Channel '[id: 0x1a48d060, L:/127.0.0.1:63222 - R:localhost/127.0.0.1:63215]' for 'GET' to '/devtools/browser/3290e03a-ec3f-41fe-bf4f-c11731aac480'
14:13:36.438 [AsyncHttpClient-1-4] DEBUG org.asynchttpclient.netty.handler.WebSocketHandler - 

Request DefaultFullHttpRequest(decodeResult: success, version: HTTP/1.1, content: EmptyByteBufBE)
GET /devtools/browser/3290e03a-ec3f-41fe-bf4f-c11731aac480 HTTP/1.1
upgrade: websocket
connection: upgrade
sec-websocket-key: 9oCM4nxGMoSvA5Dp7boHcw==
sec-websocket-version: 13
origin: http://localhost:63215
host: localhost:63215
accept: */*
user-agent: AHC/2.1

Response DefaultHttpResponse(decodeResult: success, version: HTTP/1.1)
HTTP/1.1 101 WebSocket Protocol Handshake
Upgrade: WebSocket
Connection: Upgrade
Sec-WebSocket-Accept: maLNPJbDCWoCs6EpiFu5MDzovDc=

14:13:36.553 [Forwarding get on session ac1a549bc3bb9123c752f3a1372344b1 to remote] DEBUG org.asynchttpclient.netty.request.NettyRequestSender - Using pooled Channel '[id: 0x36e2ac44, L:/127.0.0.1:63214 - R:localhost/127.0.0.1:11917]' for 'POST' to 'http://localhost:11917/session/ac1a549bc3bb9123c752f3a1372344b1/url'
14:13:36.553 [Forwarding get on session ac1a549bc3bb9123c752f3a1372344b1 to remote] DEBUG org.asynchttpclient.netty.request.NettyRequestSender - Using open Channel [id: 0x36e2ac44, L:/127.0.0.1:63214 - R:localhost/127.0.0.1:11917] for POST '/session/ac1a549bc3bb9123c752f3a1372344b1/url'
14:13:37.246 [AsyncHttpClient-1-1] DEBUG org.asynchttpclient.netty.channel.DefaultChannelPool - Entry count for : http://localhost:63215 : 1
14:13:38.359 [AsyncHttpClient-1-1] DEBUG org.asynchttpclient.netty.channel.DefaultChannelPool - Entry count for : http://localhost:63215 : 1
14:13:39.446 [AsyncHttpClient-1-1] DEBUG org.asynchttpclient.netty.channel.DefaultChannelPool - Entry count for : http://localhost:63215 : 1
14:13:39.923 [AsyncHttpClient-1-2] DEBUG org.asynchttpclient.netty.handler.HttpHandler - 

Request DefaultHttpRequest(decodeResult: success, version: HTTP/1.1)
POST /session/ac1a549bc3bb9123c752f3a1372344b1/url HTTP/1.1
User-Agent: selenium/4.8.1 (java windows)
Content-Length: 64
Content-Type: application/json; charset=utf-8
host: localhost:11917
accept: */*

Response DefaultHttpResponse(decodeResult: success, version: HTTP/1.1)
HTTP/1.1 200 OK
Content-Length: 14
Content-Type: application/json; charset=utf-8
cache-control: no-cache

14:13:39.923 [AsyncHttpClient-1-2] DEBUG org.asynchttpclient.netty.channel.ChannelManager - Adding key: http://localhost:11917 for channel [id: 0x36e2ac44, L:/127.0.0.1:63214 - R:localhost/127.0.0.1:11917]
14:13:39.929 [Forwarding setTimeout on session ac1a549bc3bb9123c752f3a1372344b1 to remote] DEBUG org.asynchttpclient.netty.request.NettyRequestSender - Using pooled Channel '[id: 0x36e2ac44, L:/127.0.0.1:63214 - R:localhost/127.0.0.1:11917]' for 'POST' to 'http://localhost:11917/session/ac1a549bc3bb9123c752f3a1372344b1/timeouts'
14:13:39.930 [Forwarding setTimeout on session ac1a549bc3bb9123c752f3a1372344b1 to remote] DEBUG org.asynchttpclient.netty.request.NettyRequestSender - Using open Channel [id: 0x36e2ac44, L:/127.0.0.1:63214 - R:localhost/127.0.0.1:11917] for POST '/session/ac1a549bc3bb9123c752f3a1372344b1/timeouts'
14:13:39.931 [AsyncHttpClient-1-2] DEBUG org.asynchttpclient.netty.handler.HttpHandler - 

Request DefaultHttpRequest(decodeResult: success, version: HTTP/1.1)
POST /session/ac1a549bc3bb9123c752f3a1372344b1/timeouts HTTP/1.1
User-Agent: selenium/4.8.1 (java windows)
Content-Length: 22
Content-Type: application/json; charset=utf-8
host: localhost:11917
accept: */*

Response DefaultHttpResponse(decodeResult: success, version: HTTP/1.1)
HTTP/1.1 200 OK
Content-Length: 14
Content-Type: application/json; charset=utf-8
cache-control: no-cache

14:13:39.932 [AsyncHttpClient-1-2] DEBUG org.asynchttpclient.netty.channel.ChannelManager - Adding key: http://localhost:11917 for channel [id: 0x36e2ac44, L:/127.0.0.1:63214 - R:localhost/127.0.0.1:11917]
14:13:39.963 [main] DEBUG net.serenitybdd.core.photography.Darkroom - Opening darkroom
14:13:39.964 [Darkroom Processing Line] DEBUG net.serenitybdd.core.photography.DarkroomProcessingLine - Darkroom processing line starting up
14:13:39.975 [Forwarding getAlertText on session ac1a549bc3bb9123c752f3a1372344b1 to remote] DEBUG org.asynchttpclient.netty.request.NettyRequestSender - Using pooled Channel '[id: 0x36e2ac44, L:/127.0.0.1:63214 - R:localhost/127.0.0.1:11917]' for 'GET' to 'http://localhost:11917/session/ac1a549bc3bb9123c752f3a1372344b1/alert/text'
14:13:39.976 [Forwarding getAlertText on session ac1a549bc3bb9123c752f3a1372344b1 to remote] DEBUG org.asynchttpclient.netty.request.NettyRequestSender - Using open Channel [id: 0x36e2ac44, L:/127.0.0.1:63214 - R:localhost/127.0.0.1:11917] for GET '/session/ac1a549bc3bb9123c752f3a1372344b1/alert/text'
14:13:39.978 [AsyncHttpClient-1-2] DEBUG org.asynchttpclient.netty.handler.HttpHandler - 

Request DefaultFullHttpRequest(decodeResult: success, version: HTTP/1.1, content: EmptyByteBufBE)
GET /session/ac1a549bc3bb9123c752f3a1372344b1/alert/text HTTP/1.1
User-Agent: selenium/4.8.1 (java windows)
Cache-Control: no-cache
Content-Type: application/json; charset=utf-8
host: localhost:11917
accept: */*

Response DefaultHttpResponse(decodeResult: success, version: HTTP/1.1)
HTTP/1.1 404 Not Found
Content-Length: 836
Content-Type: application/json; charset=utf-8
cache-control: no-cache

14:13:39.978 [AsyncHttpClient-1-2] DEBUG org.asynchttpclient.netty.channel.ChannelManager - Adding key: http://localhost:11917 for channel [id: 0x36e2ac44, L:/127.0.0.1:63214 - R:localhost/127.0.0.1:11917]
14:13:39.985 [Forwarding getCurrentUrl on session ac1a549bc3bb9123c752f3a1372344b1 to remote] DEBUG org.asynchttpclient.netty.request.NettyRequestSender - Using pooled Channel '[id: 0x36e2ac44, L:/127.0.0.1:63214 - R:localhost/127.0.0.1:11917]' for 'GET' to 'http://localhost:11917/session/ac1a549bc3bb9123c752f3a1372344b1/url'
14:13:39.986 [Forwarding getCurrentUrl on session ac1a549bc3bb9123c752f3a1372344b1 to remote] DEBUG org.asynchttpclient.netty.request.NettyRequestSender - Using open Channel [id: 0x36e2ac44, L:/127.0.0.1:63214 - R:localhost/127.0.0.1:11917] for GET '/session/ac1a549bc3bb9123c752f3a1372344b1/url'
14:13:39.990 [AsyncHttpClient-1-2] DEBUG org.asynchttpclient.netty.handler.HttpHandler - 

Request DefaultFullHttpRequest(decodeResult: success, version: HTTP/1.1, content: EmptyByteBufBE)
GET /session/ac1a549bc3bb9123c752f3a1372344b1/url HTTP/1.1
User-Agent: selenium/4.8.1 (java windows)
Cache-Control: no-cache
Content-Type: application/json; charset=utf-8
host: localhost:11917
accept: */*

Response DefaultHttpResponse(decodeResult: success, version: HTTP/1.1)
HTTP/1.1 200 OK
Content-Length: 46
Content-Type: application/json; charset=utf-8
cache-control: no-cache

14:13:39.990 [AsyncHttpClient-1-2] DEBUG org.asynchttpclient.netty.channel.ChannelManager - Adding key: http://localhost:11917 for channel [id: 0x36e2ac44, L:/127.0.0.1:63214 - R:localhost/127.0.0.1:11917]
14:13:39.992 [Forwarding screenshot on session ac1a549bc3bb9123c752f3a1372344b1 to remote] DEBUG org.asynchttpclient.netty.request.NettyRequestSender - Using pooled Channel '[id: 0x36e2ac44, L:/127.0.0.1:63214 - R:localhost/127.0.0.1:11917]' for 'GET' to 'http://localhost:11917/session/ac1a549bc3bb9123c752f3a1372344b1/screenshot'
14:13:39.992 [Forwarding screenshot on session ac1a549bc3bb9123c752f3a1372344b1 to remote] DEBUG org.asynchttpclient.netty.request.NettyRequestSender - Using open Channel [id: 0x36e2ac44, L:/127.0.0.1:63214 - R:localhost/127.0.0.1:11917] for GET '/session/ac1a549bc3bb9123c752f3a1372344b1/screenshot'
14:13:40.086 [AsyncHttpClient-1-2] DEBUG org.asynchttpclient.netty.handler.HttpHandler - 

Request DefaultFullHttpRequest(decodeResult: success, version: HTTP/1.1, content: EmptyByteBufBE)
GET /session/ac1a549bc3bb9123c752f3a1372344b1/screenshot HTTP/1.1
User-Agent: selenium/4.8.1 (java windows)
Cache-Control: no-cache
Content-Type: application/json; charset=utf-8
host: localhost:11917
accept: */*

Response DefaultHttpResponse(decodeResult: success, version: HTTP/1.1)
HTTP/1.1 200 OK
Content-Length: 87536
Content-Type: application/json; charset=utf-8
cache-control: no-cache

14:13:40.088 [AsyncHttpClient-1-2] DEBUG org.asynchttpclient.netty.channel.ChannelManager - Adding key: http://localhost:11917 for channel [id: 0x36e2ac44, L:/127.0.0.1:63214 - R:localhost/127.0.0.1:11917]
14:13:40.147 [main] DEBUG net.serenitybdd.core.photography.Darkroom - Send negative for processing for target\site\serenity\94e67e1f02ab1e783435af2d21f2402ee31db9c7fb550e46af6cfbe6b0188928.png
14:13:40.148 [Darkroom Processing Line] DEBUG net.serenitybdd.core.photography.DarkroomProcessingLine - Processing screenshot image in /var/screenshots/screenshot-2994942316564051913
14:13:40.148 [Darkroom Processing Line] DEBUG net.serenitybdd.core.photography.DarkroomProcessingLine - Saving screenshot to target\site\serenity\94e67e1f02ab1e783435af2d21f2402ee31db9c7fb550e46af6cfbe6b0188928.png
14:13:40.153 [main] DEBUG net.thucydides.core.steps.StepInterceptor - STEP DONE: openPage
14:13:40.163 [Forwarding getPageSource on session ac1a549bc3bb9123c752f3a1372344b1 to remote] DEBUG org.asynchttpclient.netty.request.NettyRequestSender - Using pooled Channel '[id: 0x36e2ac44, L:/127.0.0.1:63214 - R:localhost/127.0.0.1:11917]' for 'POST' to 'http://localhost:11917/session/ac1a549bc3bb9123c752f3a1372344b1/execute/sync'
14:13:40.163 [Forwarding getPageSource on session ac1a549bc3bb9123c752f3a1372344b1 to remote] DEBUG org.asynchttpclient.netty.request.NettyRequestSender - Using open Channel [id: 0x36e2ac44, L:/127.0.0.1:63214 - R:localhost/127.0.0.1:11917] for POST '/session/ac1a549bc3bb9123c752f3a1372344b1/execute/sync'
14:13:40.168 [AsyncHttpClient-1-2] DEBUG org.asynchttpclient.netty.handler.HttpHandler - 

Request DefaultHttpRequest(decodeResult: success, version: HTTP/1.1)
POST /session/ac1a549bc3bb9123c752f3a1372344b1/execute/sync HTTP/1.1
User-Agent: selenium/4.8.1 (java windows)
Content-Length: 176
Content-Type: application/json; charset=utf-8
host: localhost:11917
accept: */*

Response DefaultHttpResponse(decodeResult: success, version: HTTP/1.1)
HTTP/1.1 200 OK
Content-Length: 5502
Content-Type: application/json; charset=utf-8
cache-control: no-cache

14:13:40.169 [AsyncHttpClient-1-2] DEBUG org.asynchttpclient.netty.channel.ChannelManager - Adding key: http://localhost:11917 for channel [id: 0x36e2ac44, L:/127.0.0.1:63214 - R:localhost/127.0.0.1:11917]
14:13:40.230 [Forwarding getCurrentUrl on session ac1a549bc3bb9123c752f3a1372344b1 to remote] DEBUG org.asynchttpclient.netty.request.NettyRequestSender - Using pooled Channel '[id: 0x36e2ac44, L:/127.0.0.1:63214 - R:localhost/127.0.0.1:11917]' for 'GET' to 'http://localhost:11917/session/ac1a549bc3bb9123c752f3a1372344b1/url'
14:13:40.231 [Forwarding getCurrentUrl on session ac1a549bc3bb9123c752f3a1372344b1 to remote] DEBUG org.asynchttpclient.netty.request.NettyRequestSender - Using open Channel [id: 0x36e2ac44, L:/127.0.0.1:63214 - R:localhost/127.0.0.1:11917] for GET '/session/ac1a549bc3bb9123c752f3a1372344b1/url'
14:13:40.237 [AsyncHttpClient-1-2] DEBUG org.asynchttpclient.netty.handler.HttpHandler - 

Request DefaultFullHttpRequest(decodeResult: success, version: HTTP/1.1, content: EmptyByteBufBE)
GET /session/ac1a549bc3bb9123c752f3a1372344b1/url HTTP/1.1
User-Agent: selenium/4.8.1 (java windows)
Cache-Control: no-cache
Content-Type: application/json; charset=utf-8
host: localhost:11917
accept: */*

Response DefaultHttpResponse(decodeResult: success, version: HTTP/1.1)
HTTP/1.1 200 OK
Content-Length: 46
Content-Type: application/json; charset=utf-8
cache-control: no-cache

14:13:40.238 [AsyncHttpClient-1-2] DEBUG org.asynchttpclient.netty.channel.ChannelManager - Adding key: http://localhost:11917 for channel [id: 0x36e2ac44, L:/127.0.0.1:63214 - R:localhost/127.0.0.1:11917]
14:13:40.240 [main] DEBUG net.thucydides.core.steps.StepInterceptor - STARTING STEP: FormSteps.onTheHomePage - validateOnHomePage
14:13:40.249 [Forwarding findElement on session ac1a549bc3bb9123c752f3a1372344b1 to remote] DEBUG org.asynchttpclient.netty.request.NettyRequestSender - Using pooled Channel '[id: 0x36e2ac44, L:/127.0.0.1:63214 - R:localhost/127.0.0.1:11917]' for 'POST' to 'http://localhost:11917/session/ac1a549bc3bb9123c752f3a1372344b1/element'
14:13:40.249 [Forwarding findElement on session ac1a549bc3bb9123c752f3a1372344b1 to remote] DEBUG org.asynchttpclient.netty.request.NettyRequestSender - Using open Channel [id: 0x36e2ac44, L:/127.0.0.1:63214 - R:localhost/127.0.0.1:11917] for POST '/session/ac1a549bc3bb9123c752f3a1372344b1/element'
14:13:40.258 [AsyncHttpClient-1-2] DEBUG org.asynchttpclient.netty.handler.HttpHandler - 

Request DefaultHttpRequest(decodeResult: success, version: HTTP/1.1)
POST /session/ac1a549bc3bb9123c752f3a1372344b1/element HTTP/1.1
User-Agent: selenium/4.8.1 (java windows)
Content-Length: 52
Content-Type: application/json; charset=utf-8
host: localhost:11917
accept: */*

Response DefaultHttpResponse(decodeResult: success, version: HTTP/1.1)
HTTP/1.1 200 OK
Content-Length: 88
Content-Type: application/json; charset=utf-8
cache-control: no-cache

14:13:40.259 [AsyncHttpClient-1-2] DEBUG org.asynchttpclient.netty.channel.ChannelManager - Adding key: http://localhost:11917 for channel [id: 0x36e2ac44, L:/127.0.0.1:63214 - R:localhost/127.0.0.1:11917]
14:13:40.267 [Forwarding isElementDisplayed on session ac1a549bc3bb9123c752f3a1372344b1 to remote] DEBUG org.asynchttpclient.netty.request.NettyRequestSender - Using pooled Channel '[id: 0x36e2ac44, L:/127.0.0.1:63214 - R:localhost/127.0.0.1:11917]' for 'POST' to 'http://localhost:11917/session/ac1a549bc3bb9123c752f3a1372344b1/execute/sync'
14:13:40.267 [Forwarding isElementDisplayed on session ac1a549bc3bb9123c752f3a1372344b1 to remote] DEBUG org.asynchttpclient.netty.request.NettyRequestSender - Using open Channel [id: 0x36e2ac44, L:/127.0.0.1:63214 - R:localhost/127.0.0.1:11917] for POST '/session/ac1a549bc3bb9123c752f3a1372344b1/execute/sync'
14:13:40.278 [AsyncHttpClient-1-2] DEBUG org.asynchttpclient.netty.handler.HttpHandler - 

Request DefaultHttpRequest(decodeResult: success, version: HTTP/1.1)
POST /session/ac1a549bc3bb9123c752f3a1372344b1/execute/sync HTTP/1.1
User-Agent: selenium/4.8.1 (java windows)
Content-Length: 48807
Content-Type: application/json; charset=utf-8
host: localhost:11917
accept: */*

Response DefaultHttpResponse(decodeResult: success, version: HTTP/1.1)
HTTP/1.1 200 OK
Content-Length: 14
Content-Type: application/json; charset=utf-8
cache-control: no-cache

14:13:40.278 [AsyncHttpClient-1-2] DEBUG org.asynchttpclient.netty.channel.ChannelManager - Adding key: http://localhost:11917 for channel [id: 0x36e2ac44, L:/127.0.0.1:63214 - R:localhost/127.0.0.1:11917]
14:13:40.283 [Forwarding getAlertText on session ac1a549bc3bb9123c752f3a1372344b1 to remote] DEBUG org.asynchttpclient.netty.request.NettyRequestSender - Using pooled Channel '[id: 0x36e2ac44, L:/127.0.0.1:63214 - R:localhost/127.0.0.1:11917]' for 'GET' to 'http://localhost:11917/session/ac1a549bc3bb9123c752f3a1372344b1/alert/text'
14:13:40.283 [Forwarding getAlertText on session ac1a549bc3bb9123c752f3a1372344b1 to remote] DEBUG org.asynchttpclient.netty.request.NettyRequestSender - Using open Channel [id: 0x36e2ac44, L:/127.0.0.1:63214 - R:localhost/127.0.0.1:11917] for GET '/session/ac1a549bc3bb9123c752f3a1372344b1/alert/text'
14:13:40.285 [AsyncHttpClient-1-2] DEBUG org.asynchttpclient.netty.handler.HttpHandler - 

Request DefaultFullHttpRequest(decodeResult: success, version: HTTP/1.1, content: EmptyByteBufBE)
GET /session/ac1a549bc3bb9123c752f3a1372344b1/alert/text HTTP/1.1
User-Agent: selenium/4.8.1 (java windows)
Cache-Control: no-cache
Content-Type: application/json; charset=utf-8
host: localhost:11917
accept: */*

Response DefaultHttpResponse(decodeResult: success, version: HTTP/1.1)
HTTP/1.1 404 Not Found
Content-Length: 836
Content-Type: application/json; charset=utf-8
cache-control: no-cache

14:13:40.285 [AsyncHttpClient-1-2] DEBUG org.asynchttpclient.netty.channel.ChannelManager - Adding key: http://localhost:11917 for channel [id: 0x36e2ac44, L:/127.0.0.1:63214 - R:localhost/127.0.0.1:11917]
14:13:40.287 [Forwarding getCurrentUrl on session ac1a549bc3bb9123c752f3a1372344b1 to remote] DEBUG org.asynchttpclient.netty.request.NettyRequestSender - Using pooled Channel '[id: 0x36e2ac44, L:/127.0.0.1:63214 - R:localhost/127.0.0.1:11917]' for 'GET' to 'http://localhost:11917/session/ac1a549bc3bb9123c752f3a1372344b1/url'
14:13:40.287 [Forwarding getCurrentUrl on session ac1a549bc3bb9123c752f3a1372344b1 to remote] DEBUG org.asynchttpclient.netty.request.NettyRequestSender - Using open Channel [id: 0x36e2ac44, L:/127.0.0.1:63214 - R:localhost/127.0.0.1:11917] for GET '/session/ac1a549bc3bb9123c752f3a1372344b1/url'
14:13:40.291 [AsyncHttpClient-1-2] DEBUG org.asynchttpclient.netty.handler.HttpHandler - 

Request DefaultFullHttpRequest(decodeResult: success, version: HTTP/1.1, content: EmptyByteBufBE)
GET /session/ac1a549bc3bb9123c752f3a1372344b1/url HTTP/1.1
User-Agent: selenium/4.8.1 (java windows)
Cache-Control: no-cache
Content-Type: application/json; charset=utf-8
host: localhost:11917
accept: */*

Response DefaultHttpResponse(decodeResult: success, version: HTTP/1.1)
HTTP/1.1 200 OK
Content-Length: 46
Content-Type: application/json; charset=utf-8
cache-control: no-cache

14:13:40.291 [AsyncHttpClient-1-2] DEBUG org.asynchttpclient.netty.channel.ChannelManager - Adding key: http://localhost:11917 for channel [id: 0x36e2ac44, L:/127.0.0.1:63214 - R:localhost/127.0.0.1:11917]
14:13:40.295 [Forwarding screenshot on session ac1a549bc3bb9123c752f3a1372344b1 to remote] DEBUG org.asynchttpclient.netty.request.NettyRequestSender - Using pooled Channel '[id: 0x36e2ac44, L:/127.0.0.1:63214 - R:localhost/127.0.0.1:11917]' for 'GET' to 'http://localhost:11917/session/ac1a549bc3bb9123c752f3a1372344b1/screenshot'
14:13:40.295 [Forwarding screenshot on session ac1a549bc3bb9123c752f3a1372344b1 to remote] DEBUG org.asynchttpclient.netty.request.NettyRequestSender - Using open Channel [id: 0x36e2ac44, L:/127.0.0.1:63214 - R:localhost/127.0.0.1:11917] for GET '/session/ac1a549bc3bb9123c752f3a1372344b1/screenshot'
14:13:40.372 [AsyncHttpClient-1-2] DEBUG org.asynchttpclient.netty.handler.HttpHandler - 

Request DefaultFullHttpRequest(decodeResult: success, version: HTTP/1.1, content: EmptyByteBufBE)
GET /session/ac1a549bc3bb9123c752f3a1372344b1/screenshot HTTP/1.1
User-Agent: selenium/4.8.1 (java windows)
Cache-Control: no-cache
Content-Type: application/json; charset=utf-8
host: localhost:11917
accept: */*

Response DefaultHttpResponse(decodeResult: success, version: HTTP/1.1)
HTTP/1.1 200 OK
Content-Length: 87536
Content-Type: application/json; charset=utf-8
cache-control: no-cache

14:13:40.373 [AsyncHttpClient-1-2] DEBUG org.asynchttpclient.netty.channel.ChannelManager - Adding key: http://localhost:11917 for channel [id: 0x36e2ac44, L:/127.0.0.1:63214 - R:localhost/127.0.0.1:11917]
14:13:40.382 [main] DEBUG net.serenitybdd.core.photography.Darkroom - Send negative for processing for target\site\serenity\94e67e1f02ab1e783435af2d21f2402ee31db9c7fb550e46af6cfbe6b0188928.png
14:13:40.383 [main] DEBUG net.thucydides.core.steps.StepInterceptor - STEP DONE: validateOnHomePage
  &amp#27;[32mGiven &amp#27;[0m&amp#27;[32mI am on the-internet home page&amp#27;[0m                                   &amp#27;[90m# starter.stepdefinitions.FormSteps.onTheHomePage()&amp#27;[0m
14:13:40.404 [Forwarding getPageSource on session ac1a549bc3bb9123c752f3a1372344b1 to remote] DEBUG org.asynchttpclient.netty.request.NettyRequestSender - Using pooled Channel '[id: 0x36e2ac44, L:/127.0.0.1:63214 - R:localhost/127.0.0.1:11917]' for 'POST' to 'http://localhost:11917/session/ac1a549bc3bb9123c752f3a1372344b1/execute/sync'
14:13:40.404 [Forwarding getPageSource on session ac1a549bc3bb9123c752f3a1372344b1 to remote] DEBUG org.asynchttpclient.netty.request.NettyRequestSender - Using open Channel [id: 0x36e2ac44, L:/127.0.0.1:63214 - R:localhost/127.0.0.1:11917] for POST '/session/ac1a549bc3bb9123c752f3a1372344b1/execute/sync'
14:13:40.407 [AsyncHttpClient-1-2] DEBUG org.asynchttpclient.netty.handler.HttpHandler - 

Request DefaultHttpRequest(decodeResult: success, version: HTTP/1.1)
POST /session/ac1a549bc3bb9123c752f3a1372344b1/execute/sync HTTP/1.1
User-Agent: selenium/4.8.1 (java windows)
Content-Length: 176
Content-Type: application/json; charset=utf-8
host: localhost:11917
accept: */*

Response DefaultHttpResponse(decodeResult: success, version: HTTP/1.1)
HTTP/1.1 200 OK
Content-Length: 5502
Content-Type: application/json; charset=utf-8
cache-control: no-cache

14:13:40.407 [AsyncHttpClient-1-2] DEBUG org.asynchttpclient.netty.channel.ChannelManager - Adding key: http://localhost:11917 for channel [id: 0x36e2ac44, L:/127.0.0.1:63214 - R:localhost/127.0.0.1:11917]
14:13:40.414 [Forwarding getCurrentUrl on session ac1a549bc3bb9123c752f3a1372344b1 to remote] DEBUG org.asynchttpclient.netty.request.NettyRequestSender - Using pooled Channel '[id: 0x36e2ac44, L:/127.0.0.1:63214 - R:localhost/127.0.0.1:11917]' for 'GET' to 'http://localhost:11917/session/ac1a549bc3bb9123c752f3a1372344b1/url'
14:13:40.414 [Forwarding getCurrentUrl on session ac1a549bc3bb9123c752f3a1372344b1 to remote] DEBUG org.asynchttpclient.netty.request.NettyRequestSender - Using open Channel [id: 0x36e2ac44, L:/127.0.0.1:63214 - R:localhost/127.0.0.1:11917] for GET '/session/ac1a549bc3bb9123c752f3a1372344b1/url'
14:13:40.417 [AsyncHttpClient-1-2] DEBUG org.asynchttpclient.netty.handler.HttpHandler - 

Request DefaultFullHttpRequest(decodeResult: success, version: HTTP/1.1, content: EmptyByteBufBE)
GET /session/ac1a549bc3bb9123c752f3a1372344b1/url HTTP/1.1
User-Agent: selenium/4.8.1 (java windows)
Cache-Control: no-cache
Content-Type: application/json; charset=utf-8
host: localhost:11917
accept: */*

Response DefaultHttpResponse(decodeResult: success, version: HTTP/1.1)
HTTP/1.1 200 OK
Content-Length: 46
Content-Type: application/json; charset=utf-8
cache-control: no-cache

14:13:40.417 [AsyncHttpClient-1-2] DEBUG org.asynchttpclient.netty.channel.ChannelManager - Adding key: http://localhost:11917 for channel [id: 0x36e2ac44, L:/127.0.0.1:63214 - R:localhost/127.0.0.1:11917]
14:13:40.437 [Forwarding getAlertText on session ac1a549bc3bb9123c752f3a1372344b1 to remote] DEBUG org.asynchttpclient.netty.request.NettyRequestSender - Using pooled Channel '[id: 0x36e2ac44, L:/127.0.0.1:63214 - R:localhost/127.0.0.1:11917]' for 'GET' to 'http://localhost:11917/session/ac1a549bc3bb9123c752f3a1372344b1/alert/text'
14:13:40.438 [Forwarding getAlertText on session ac1a549bc3bb9123c752f3a1372344b1 to remote] DEBUG org.asynchttpclient.netty.request.NettyRequestSender - Using open Channel [id: 0x36e2ac44, L:/127.0.0.1:63214 - R:localhost/127.0.0.1:11917] for GET '/session/ac1a549bc3bb9123c752f3a1372344b1/alert/text'
14:13:40.440 [AsyncHttpClient-1-2] DEBUG org.asynchttpclient.netty.handler.HttpHandler - 

Request DefaultFullHttpRequest(decodeResult: success, version: HTTP/1.1, content: EmptyByteBufBE)
GET /session/ac1a549bc3bb9123c752f3a1372344b1/alert/text HTTP/1.1
User-Agent: selenium/4.8.1 (java windows)
Cache-Control: no-cache
Content-Type: application/json; charset=utf-8
host: localhost:11917
accept: */*

Response DefaultHttpResponse(decodeResult: success, version: HTTP/1.1)
HTTP/1.1 404 Not Found
Content-Length: 836
Content-Type: application/json; charset=utf-8
cache-control: no-cache

14:13:40.440 [AsyncHttpClient-1-2] DEBUG org.asynchttpclient.netty.channel.ChannelManager - Adding key: http://localhost:11917 for channel [id: 0x36e2ac44, L:/127.0.0.1:63214 - R:localhost/127.0.0.1:11917]
14:13:40.442 [Forwarding getCurrentUrl on session ac1a549bc3bb9123c752f3a1372344b1 to remote] DEBUG org.asynchttpclient.netty.request.NettyRequestSender - Using pooled Channel '[id: 0x36e2ac44, L:/127.0.0.1:63214 - R:localhost/127.0.0.1:11917]' for 'GET' to 'http://localhost:11917/session/ac1a549bc3bb9123c752f3a1372344b1/url'
14:13:40.442 [Forwarding getCurrentUrl on session ac1a549bc3bb9123c752f3a1372344b1 to remote] DEBUG org.asynchttpclient.netty.request.NettyRequestSender - Using open Channel [id: 0x36e2ac44, L:/127.0.0.1:63214 - R:localhost/127.0.0.1:11917] for GET '/session/ac1a549bc3bb9123c752f3a1372344b1/url'
14:13:40.445 [AsyncHttpClient-1-2] DEBUG org.asynchttpclient.netty.handler.HttpHandler - 

Request DefaultFullHttpRequest(decodeResult: success, version: HTTP/1.1, content: EmptyByteBufBE)
GET /session/ac1a549bc3bb9123c752f3a1372344b1/url HTTP/1.1
User-Agent: selenium/4.8.1 (java windows)
Cache-Control: no-cache
Content-Type: application/json; charset=utf-8
host: localhost:11917
accept: */*

Response DefaultHttpResponse(decodeResult: success, version: HTTP/1.1)
HTTP/1.1 200 OK
Content-Length: 46
Content-Type: application/json; charset=utf-8
cache-control: no-cache

14:13:40.445 [AsyncHttpClient-1-2] DEBUG org.asynchttpclient.netty.channel.ChannelManager - Adding key: http://localhost:11917 for channel [id: 0x36e2ac44, L:/127.0.0.1:63214 - R:localhost/127.0.0.1:11917]
14:13:40.446 [Forwarding screenshot on session ac1a549bc3bb9123c752f3a1372344b1 to remote] DEBUG org.asynchttpclient.netty.request.NettyRequestSender - Using pooled Channel '[id: 0x36e2ac44, L:/127.0.0.1:63214 - R:localhost/127.0.0.1:11917]' for 'GET' to 'http://localhost:11917/session/ac1a549bc3bb9123c752f3a1372344b1/screenshot'
14:13:40.446 [Forwarding screenshot on session ac1a549bc3bb9123c752f3a1372344b1 to remote] DEBUG org.asynchttpclient.netty.request.NettyRequestSender - Using open Channel [id: 0x36e2ac44, L:/127.0.0.1:63214 - R:localhost/127.0.0.1:11917] for GET '/session/ac1a549bc3bb9123c752f3a1372344b1/screenshot'
14:13:40.515 [AsyncHttpClient-1-2] DEBUG org.asynchttpclient.netty.handler.HttpHandler - 

Request DefaultFullHttpRequest(decodeResult: success, version: HTTP/1.1, content: EmptyByteBufBE)
GET /session/ac1a549bc3bb9123c752f3a1372344b1/screenshot HTTP/1.1
User-Agent: selenium/4.8.1 (java windows)
Cache-Control: no-cache
Content-Type: application/json; charset=utf-8
host: localhost:11917
accept: */*

Response DefaultHttpResponse(decodeResult: success, version: HTTP/1.1)
HTTP/1.1 200 OK
Content-Length: 87536
Content-Type: application/json; charset=utf-8
cache-control: no-cache

14:13:40.516 [AsyncHttpClient-1-2] DEBUG org.asynchttpclient.netty.channel.ChannelManager - Adding key: http://localhost:11917 for channel [id: 0x36e2ac44, L:/127.0.0.1:63214 - R:localhost/127.0.0.1:11917]
14:13:40.522 [main] DEBUG net.serenitybdd.core.photography.Darkroom - Send negative for processing for target\site\serenity\94e67e1f02ab1e783435af2d21f2402ee31db9c7fb550e46af6cfbe6b0188928.png
14:13:40.524 [Forwarding getPageSource on session ac1a549bc3bb9123c752f3a1372344b1 to remote] DEBUG org.asynchttpclient.netty.request.NettyRequestSender - Using pooled Channel '[id: 0x36e2ac44, L:/127.0.0.1:63214 - R:localhost/127.0.0.1:11917]' for 'POST' to 'http://localhost:11917/session/ac1a549bc3bb9123c752f3a1372344b1/execute/sync'
14:13:40.524 [Forwarding getPageSource on session ac1a549bc3bb9123c752f3a1372344b1 to remote] DEBUG org.asynchttpclient.netty.request.NettyRequestSender - Using open Channel [id: 0x36e2ac44, L:/127.0.0.1:63214 - R:localhost/127.0.0.1:11917] for POST '/session/ac1a549bc3bb9123c752f3a1372344b1/execute/sync'
14:13:40.528 [AsyncHttpClient-1-2] DEBUG org.asynchttpclient.netty.handler.HttpHandler - 

Request DefaultHttpRequest(decodeResult: success, version: HTTP/1.1)
POST /session/ac1a549bc3bb9123c752f3a1372344b1/execute/sync HTTP/1.1
User-Agent: selenium/4.8.1 (java windows)
Content-Length: 176
Content-Type: application/json; charset=utf-8
host: localhost:11917
accept: */*

Response DefaultHttpResponse(decodeResult: success, version: HTTP/1.1)
HTTP/1.1 200 OK
Content-Length: 5502
Content-Type: application/json; charset=utf-8
cache-control: no-cache

14:13:40.529 [AsyncHttpClient-1-2] DEBUG org.asynchttpclient.netty.channel.ChannelManager - Adding key: http://localhost:11917 for channel [id: 0x36e2ac44, L:/127.0.0.1:63214 - R:localhost/127.0.0.1:11917]
14:13:40.534 [Forwarding getCurrentUrl on session ac1a549bc3bb9123c752f3a1372344b1 to remote] DEBUG org.asynchttpclient.netty.request.NettyRequestSender - Using pooled Channel '[id: 0x36e2ac44, L:/127.0.0.1:63214 - R:localhost/127.0.0.1:11917]' for 'GET' to 'http://localhost:11917/session/ac1a549bc3bb9123c752f3a1372344b1/url'
14:13:40.534 [Forwarding getCurrentUrl on session ac1a549bc3bb9123c752f3a1372344b1 to remote] DEBUG org.asynchttpclient.netty.request.NettyRequestSender - Using open Channel [id: 0x36e2ac44, L:/127.0.0.1:63214 - R:localhost/127.0.0.1:11917] for GET '/session/ac1a549bc3bb9123c752f3a1372344b1/url'
14:13:40.537 [AsyncHttpClient-1-2] DEBUG org.asynchttpclient.netty.handler.HttpHandler - 

Request DefaultFullHttpRequest(decodeResult: success, version: HTTP/1.1, content: EmptyByteBufBE)
GET /session/ac1a549bc3bb9123c752f3a1372344b1/url HTTP/1.1
User-Agent: selenium/4.8.1 (java windows)
Cache-Control: no-cache
Content-Type: application/json; charset=utf-8
host: localhost:11917
accept: */*

Response DefaultHttpResponse(decodeResult: success, version: HTTP/1.1)
HTTP/1.1 200 OK
Content-Length: 46
Content-Type: application/json; charset=utf-8
cache-control: no-cache

14:13:40.537 [AsyncHttpClient-1-2] DEBUG org.asynchttpclient.netty.channel.ChannelManager - Adding key: http://localhost:11917 for channel [id: 0x36e2ac44, L:/127.0.0.1:63214 - R:localhost/127.0.0.1:11917]
14:13:40.539 [main] DEBUG net.thucydides.core.steps.StepInterceptor - STARTING STEP: FormSteps.goToFormAuthenticationPage - clickFormAuth
14:13:40.544 [Forwarding findElement on session ac1a549bc3bb9123c752f3a1372344b1 to remote] DEBUG org.asynchttpclient.netty.request.NettyRequestSender - Using pooled Channel '[id: 0x36e2ac44, L:/127.0.0.1:63214 - R:localhost/127.0.0.1:11917]' for 'POST' to 'http://localhost:11917/session/ac1a549bc3bb9123c752f3a1372344b1/element'
14:13:40.545 [Forwarding findElement on session ac1a549bc3bb9123c752f3a1372344b1 to remote] DEBUG org.asynchttpclient.netty.request.NettyRequestSender - Using open Channel [id: 0x36e2ac44, L:/127.0.0.1:63214 - R:localhost/127.0.0.1:11917] for POST '/session/ac1a549bc3bb9123c752f3a1372344b1/element'
14:13:40.546 [AsyncHttpClient-1-1] DEBUG org.asynchttpclient.netty.channel.DefaultChannelPool - Entry count for : http://localhost:63215 : 1
14:13:40.555 [AsyncHttpClient-1-2] DEBUG org.asynchttpclient.netty.handler.HttpHandler - 

Request DefaultHttpRequest(decodeResult: success, version: HTTP/1.1)
POST /session/ac1a549bc3bb9123c752f3a1372344b1/element HTTP/1.1
User-Agent: selenium/4.8.1 (java windows)
Content-Length: 66
Content-Type: application/json; charset=utf-8
host: localhost:11917
accept: */*

Response DefaultHttpResponse(decodeResult: success, version: HTTP/1.1)
HTTP/1.1 200 OK
Content-Length: 88
Content-Type: application/json; charset=utf-8
cache-control: no-cache

14:13:40.555 [AsyncHttpClient-1-2] DEBUG org.asynchttpclient.netty.channel.ChannelManager - Adding key: http://localhost:11917 for channel [id: 0x36e2ac44, L:/127.0.0.1:63214 - R:localhost/127.0.0.1:11917]
14:13:40.557 [Forwarding getElementTagName on session ac1a549bc3bb9123c752f3a1372344b1 to remote] DEBUG org.asynchttpclient.netty.request.NettyRequestSender - Using pooled Channel '[id: 0x36e2ac44, L:/127.0.0.1:63214 - R:localhost/127.0.0.1:11917]' for 'GET' to 'http://localhost:11917/session/ac1a549bc3bb9123c752f3a1372344b1/element/3426d6e3-c3d3-413e-97d9-1a8452b54907/name'
14:13:40.557 [Forwarding getElementTagName on session ac1a549bc3bb9123c752f3a1372344b1 to remote] DEBUG org.asynchttpclient.netty.request.NettyRequestSender - Using open Channel [id: 0x36e2ac44, L:/127.0.0.1:63214 - R:localhost/127.0.0.1:11917] for GET '/session/ac1a549bc3bb9123c752f3a1372344b1/element/3426d6e3-c3d3-413e-97d9-1a8452b54907/name'
14:13:40.561 [AsyncHttpClient-1-2] DEBUG org.asynchttpclient.netty.handler.HttpHandler - 

Request DefaultFullHttpRequest(decodeResult: success, version: HTTP/1.1, content: EmptyByteBufBE)
GET /session/ac1a549bc3bb9123c752f3a1372344b1/element/3426d6e3-c3d3-413e-97d9-1a8452b54907/name HTTP/1.1
User-Agent: selenium/4.8.1 (java windows)
Cache-Control: no-cache
Content-Type: application/json; charset=utf-8
host: localhost:11917
accept: */*

Response DefaultHttpResponse(decodeResult: success, version: HTTP/1.1)
HTTP/1.1 200 OK
Content-Length: 13
Content-Type: application/json; charset=utf-8
cache-control: no-cache

14:13:40.562 [AsyncHttpClient-1-2] DEBUG org.asynchttpclient.netty.channel.ChannelManager - Adding key: http://localhost:11917 for channel [id: 0x36e2ac44, L:/127.0.0.1:63214 - R:localhost/127.0.0.1:11917]
14:13:40.563 [Forwarding getElementTagName on session ac1a549bc3bb9123c752f3a1372344b1 to remote] DEBUG org.asynchttpclient.netty.request.NettyRequestSender - Using pooled Channel '[id: 0x36e2ac44, L:/127.0.0.1:63214 - R:localhost/127.0.0.1:11917]' for 'GET' to 'http://localhost:11917/session/ac1a549bc3bb9123c752f3a1372344b1/element/3426d6e3-c3d3-413e-97d9-1a8452b54907/name'
14:13:40.564 [Forwarding getElementTagName on session ac1a549bc3bb9123c752f3a1372344b1 to remote] DEBUG org.asynchttpclient.netty.request.NettyRequestSender - Using open Channel [id: 0x36e2ac44, L:/127.0.0.1:63214 - R:localhost/127.0.0.1:11917] for GET '/session/ac1a549bc3bb9123c752f3a1372344b1/element/3426d6e3-c3d3-413e-97d9-1a8452b54907/name'
14:13:40.566 [AsyncHttpClient-1-2] DEBUG org.asynchttpclient.netty.handler.HttpHandler - 

Request DefaultFullHttpRequest(decodeResult: success, version: HTTP/1.1, content: EmptyByteBufBE)
GET /session/ac1a549bc3bb9123c752f3a1372344b1/element/3426d6e3-c3d3-413e-97d9-1a8452b54907/name HTTP/1.1
User-Agent: selenium/4.8.1 (java windows)
Cache-Control: no-cache
Content-Type: application/json; charset=utf-8
host: localhost:11917
accept: */*

Response DefaultHttpResponse(decodeResult: success, version: HTTP/1.1)
HTTP/1.1 200 OK
Content-Length: 13
Content-Type: application/json; charset=utf-8
cache-control: no-cache

14:13:40.566 [AsyncHttpClient-1-2] DEBUG org.asynchttpclient.netty.channel.ChannelManager - Adding key: http://localhost:11917 for channel [id: 0x36e2ac44, L:/127.0.0.1:63214 - R:localhost/127.0.0.1:11917]
14:13:40.569 [Forwarding findElement on session ac1a549bc3bb9123c752f3a1372344b1 to remote] DEBUG org.asynchttpclient.netty.request.NettyRequestSender - Using pooled Channel '[id: 0x36e2ac44, L:/127.0.0.1:63214 - R:localhost/127.0.0.1:11917]' for 'POST' to 'http://localhost:11917/session/ac1a549bc3bb9123c752f3a1372344b1/element'
14:13:40.569 [Forwarding findElement on session ac1a549bc3bb9123c752f3a1372344b1 to remote] DEBUG org.asynchttpclient.netty.request.NettyRequestSender - Using open Channel [id: 0x36e2ac44, L:/127.0.0.1:63214 - R:localhost/127.0.0.1:11917] for POST '/session/ac1a549bc3bb9123c752f3a1372344b1/element'
14:13:40.576 [AsyncHttpClient-1-2] DEBUG org.asynchttpclient.netty.handler.HttpHandler - 

Request DefaultHttpRequest(decodeResult: success, version: HTTP/1.1)
POST /session/ac1a549bc3bb9123c752f3a1372344b1/element HTTP/1.1
User-Agent: selenium/4.8.1 (java windows)
Content-Length: 66
Content-Type: application/json; charset=utf-8
host: localhost:11917
accept: */*

Response DefaultHttpResponse(decodeResult: success, version: HTTP/1.1)
HTTP/1.1 200 OK
Content-Length: 88
Content-Type: application/json; charset=utf-8
cache-control: no-cache

14:13:40.576 [AsyncHttpClient-1-2] DEBUG org.asynchttpclient.netty.channel.ChannelManager - Adding key: http://localhost:11917 for channel [id: 0x36e2ac44, L:/127.0.0.1:63214 - R:localhost/127.0.0.1:11917]
14:13:40.577 [Forwarding clickElement on session ac1a549bc3bb9123c752f3a1372344b1 to remote] DEBUG org.asynchttpclient.netty.request.NettyRequestSender - Using pooled Channel '[id: 0x36e2ac44, L:/127.0.0.1:63214 - R:localhost/127.0.0.1:11917]' for 'POST' to 'http://localhost:11917/session/ac1a549bc3bb9123c752f3a1372344b1/element/3426d6e3-c3d3-413e-97d9-1a8452b54907/click'
14:13:40.577 [Forwarding clickElement on session ac1a549bc3bb9123c752f3a1372344b1 to remote] DEBUG org.asynchttpclient.netty.request.NettyRequestSender - Using open Channel [id: 0x36e2ac44, L:/127.0.0.1:63214 - R:localhost/127.0.0.1:11917] for POST '/session/ac1a549bc3bb9123c752f3a1372344b1/element/3426d6e3-c3d3-413e-97d9-1a8452b54907/click'
14:13:41.645 [AsyncHttpClient-1-1] DEBUG org.asynchttpclient.netty.channel.DefaultChannelPool - Entry count for : http://localhost:63215 : 1
14:13:42.749 [AsyncHttpClient-1-1] DEBUG org.asynchttpclient.netty.channel.DefaultChannelPool - Entry count for : http://localhost:63215 : 1
14:13:43.845 [AsyncHttpClient-1-1] DEBUG org.asynchttpclient.netty.channel.DefaultChannelPool - Entry count for : http://localhost:63215 : 1
14:13:44.946 [AsyncHttpClient-1-1] DEBUG org.asynchttpclient.netty.channel.DefaultChannelPool - Entry count for : http://localhost:63215 : 1
14:13:44.987 [AsyncHttpClient-1-2] DEBUG org.asynchttpclient.netty.handler.HttpHandler - 

Request DefaultHttpRequest(decodeResult: success, version: HTTP/1.1)
POST /session/ac1a549bc3bb9123c752f3a1372344b1/element/3426d6e3-c3d3-413e-97d9-1a8452b54907/click HTTP/1.1
User-Agent: selenium/4.8.1 (java windows)
Content-Length: 50
Content-Type: application/json; charset=utf-8
host: localhost:11917
accept: */*

Response DefaultHttpResponse(decodeResult: success, version: HTTP/1.1)
HTTP/1.1 200 OK
Content-Length: 14
Content-Type: application/json; charset=utf-8
cache-control: no-cache

14:13:44.988 [AsyncHttpClient-1-2] DEBUG org.asynchttpclient.netty.channel.ChannelManager - Adding key: http://localhost:11917 for channel [id: 0x36e2ac44, L:/127.0.0.1:63214 - R:localhost/127.0.0.1:11917]
14:13:45.000 [Forwarding getAlertText on session ac1a549bc3bb9123c752f3a1372344b1 to remote] DEBUG org.asynchttpclient.netty.request.NettyRequestSender - Using pooled Channel '[id: 0x36e2ac44, L:/127.0.0.1:63214 - R:localhost/127.0.0.1:11917]' for 'GET' to 'http://localhost:11917/session/ac1a549bc3bb9123c752f3a1372344b1/alert/text'
14:13:45.000 [Forwarding getAlertText on session ac1a549bc3bb9123c752f3a1372344b1 to remote] DEBUG org.asynchttpclient.netty.request.NettyRequestSender - Using open Channel [id: 0x36e2ac44, L:/127.0.0.1:63214 - R:localhost/127.0.0.1:11917] for GET '/session/ac1a549bc3bb9123c752f3a1372344b1/alert/text'
14:13:45.003 [AsyncHttpClient-1-2] DEBUG org.asynchttpclient.netty.handler.HttpHandler - 

Request DefaultFullHttpRequest(decodeResult: success, version: HTTP/1.1, content: EmptyByteBufBE)
GET /session/ac1a549bc3bb9123c752f3a1372344b1/alert/text HTTP/1.1
User-Agent: selenium/4.8.1 (java windows)
Cache-Control: no-cache
Content-Type: application/json; charset=utf-8
host: localhost:11917
accept: */*

Response DefaultHttpResponse(decodeResult: success, version: HTTP/1.1)
HTTP/1.1 404 Not Found
Content-Length: 836
Content-Type: application/json; charset=utf-8
cache-control: no-cache

14:13:45.003 [AsyncHttpClient-1-2] DEBUG org.asynchttpclient.netty.channel.ChannelManager - Adding key: http://localhost:11917 for channel [id: 0x36e2ac44, L:/127.0.0.1:63214 - R:localhost/127.0.0.1:11917]
14:13:45.006 [Forwarding getCurrentUrl on session ac1a549bc3bb9123c752f3a1372344b1 to remote] DEBUG org.asynchttpclient.netty.request.NettyRequestSender - Using pooled Channel '[id: 0x36e2ac44, L:/127.0.0.1:63214 - R:localhost/127.0.0.1:11917]' for 'GET' to 'http://localhost:11917/session/ac1a549bc3bb9123c752f3a1372344b1/url'
14:13:45.006 [Forwarding getCurrentUrl on session ac1a549bc3bb9123c752f3a1372344b1 to remote] DEBUG org.asynchttpclient.netty.request.NettyRequestSender - Using open Channel [id: 0x36e2ac44, L:/127.0.0.1:63214 - R:localhost/127.0.0.1:11917] for GET '/session/ac1a549bc3bb9123c752f3a1372344b1/url'
14:13:45.010 [AsyncHttpClient-1-2] DEBUG org.asynchttpclient.netty.handler.HttpHandler - 

Request DefaultFullHttpRequest(decodeResult: success, version: HTTP/1.1, content: EmptyByteBufBE)
GET /session/ac1a549bc3bb9123c752f3a1372344b1/url HTTP/1.1
User-Agent: selenium/4.8.1 (java windows)
Cache-Control: no-cache
Content-Type: application/json; charset=utf-8
host: localhost:11917
accept: */*

Response DefaultHttpResponse(decodeResult: success, version: HTTP/1.1)
HTTP/1.1 200 OK
Content-Length: 51
Content-Type: application/json; charset=utf-8
cache-control: no-cache

14:13:45.010 [AsyncHttpClient-1-2] DEBUG org.asynchttpclient.netty.channel.ChannelManager - Adding key: http://localhost:11917 for channel [id: 0x36e2ac44, L:/127.0.0.1:63214 - R:localhost/127.0.0.1:11917]
14:13:45.011 [Forwarding screenshot on session ac1a549bc3bb9123c752f3a1372344b1 to remote] DEBUG org.asynchttpclient.netty.request.NettyRequestSender - Using pooled Channel '[id: 0x36e2ac44, L:/127.0.0.1:63214 - R:localhost/127.0.0.1:11917]' for 'GET' to 'http://localhost:11917/session/ac1a549bc3bb9123c752f3a1372344b1/screenshot'
14:13:45.011 [Forwarding screenshot on session ac1a549bc3bb9123c752f3a1372344b1 to remote] DEBUG org.asynchttpclient.netty.request.NettyRequestSender - Using open Channel [id: 0x36e2ac44, L:/127.0.0.1:63214 - R:localhost/127.0.0.1:11917] for GET '/session/ac1a549bc3bb9123c752f3a1372344b1/screenshot'
14:13:45.091 [AsyncHttpClient-1-2] DEBUG org.asynchttpclient.netty.handler.HttpHandler - 

Request DefaultFullHttpRequest(decodeResult: success, version: HTTP/1.1, content: EmptyByteBufBE)
GET /session/ac1a549bc3bb9123c752f3a1372344b1/screenshot HTTP/1.1
User-Agent: selenium/4.8.1 (java windows)
Cache-Control: no-cache
Content-Type: application/json; charset=utf-8
host: localhost:11917
accept: */*

Response DefaultHttpResponse(decodeResult: success, version: HTTP/1.1)
HTTP/1.1 200 OK
Content-Length: 71088
Content-Type: application/json; charset=utf-8
cache-control: no-cache

14:13:45.092 [AsyncHttpClient-1-2] DEBUG org.asynchttpclient.netty.channel.ChannelManager - Adding key: http://localhost:11917 for channel [id: 0x36e2ac44, L:/127.0.0.1:63214 - R:localhost/127.0.0.1:11917]
14:13:45.095 [main] DEBUG net.serenitybdd.core.photography.Darkroom - Send negative for processing for target\site\serenity\7443279c09f2bf911877184c3c010262cceeadd32e590f60cd548578bb018811.png
14:13:45.095 [Darkroom Processing Line] DEBUG net.serenitybdd.core.photography.DarkroomProcessingLine - Processing screenshot image in /var/screenshots/screenshot-7875231914594497134
14:13:45.096 [Darkroom Processing Line] DEBUG net.serenitybdd.core.photography.DarkroomProcessingLine - Saving screenshot to target\site\serenity\7443279c09f2bf911877184c3c010262cceeadd32e590f60cd548578bb018811.png
14:13:45.096 [main] DEBUG net.thucydides.core.steps.StepInterceptor - STEP DONE: clickFormAuth
  &amp#27;[32mWhen &amp#27;[0m&amp#27;[32mI go to the form authentication page&amp#27;[0m                              &amp#27;[90m# starter.stepdefinitions.FormSteps.goToFormAuthenticationPage()&amp#27;[0m
14:13:45.104 [Forwarding getPageSource on session ac1a549bc3bb9123c752f3a1372344b1 to remote] DEBUG org.asynchttpclient.netty.request.NettyRequestSender - Using pooled Channel '[id: 0x36e2ac44, L:/127.0.0.1:63214 - R:localhost/127.0.0.1:11917]' for 'POST' to 'http://localhost:11917/session/ac1a549bc3bb9123c752f3a1372344b1/execute/sync'
14:13:45.105 [Forwarding getPageSource on session ac1a549bc3bb9123c752f3a1372344b1 to remote] DEBUG org.asynchttpclient.netty.request.NettyRequestSender - Using open Channel [id: 0x36e2ac44, L:/127.0.0.1:63214 - R:localhost/127.0.0.1:11917] for POST '/session/ac1a549bc3bb9123c752f3a1372344b1/execute/sync'
14:13:45.108 [AsyncHttpClient-1-2] DEBUG org.asynchttpclient.netty.handler.HttpHandler - 

Request DefaultHttpRequest(decodeResult: success, version: HTTP/1.1)
POST /session/ac1a549bc3bb9123c752f3a1372344b1/execute/sync HTTP/1.1
User-Agent: selenium/4.8.1 (java windows)
Content-Length: 176
Content-Type: application/json; charset=utf-8
host: localhost:11917
accept: */*

Response DefaultHttpResponse(decodeResult: success, version: HTTP/1.1)
HTTP/1.1 200 OK
Content-Length: 2943
Content-Type: application/json; charset=utf-8
cache-control: no-cache

14:13:45.108 [AsyncHttpClient-1-2] DEBUG org.asynchttpclient.netty.channel.ChannelManager - Adding key: http://localhost:11917 for channel [id: 0x36e2ac44, L:/127.0.0.1:63214 - R:localhost/127.0.0.1:11917]
14:13:45.115 [Forwarding getCurrentUrl on session ac1a549bc3bb9123c752f3a1372344b1 to remote] DEBUG org.asynchttpclient.netty.request.NettyRequestSender - Using pooled Channel '[id: 0x36e2ac44, L:/127.0.0.1:63214 - R:localhost/127.0.0.1:11917]' for 'GET' to 'http://localhost:11917/session/ac1a549bc3bb9123c752f3a1372344b1/url'
14:13:45.115 [Forwarding getCurrentUrl on session ac1a549bc3bb9123c752f3a1372344b1 to remote] DEBUG org.asynchttpclient.netty.request.NettyRequestSender - Using open Channel [id: 0x36e2ac44, L:/127.0.0.1:63214 - R:localhost/127.0.0.1:11917] for GET '/session/ac1a549bc3bb9123c752f3a1372344b1/url'
14:13:45.119 [AsyncHttpClient-1-2] DEBUG org.asynchttpclient.netty.handler.HttpHandler - 

Request DefaultFullHttpRequest(decodeResult: success, version: HTTP/1.1, content: EmptyByteBufBE)
GET /session/ac1a549bc3bb9123c752f3a1372344b1/url HTTP/1.1
User-Agent: selenium/4.8.1 (java windows)
Cache-Control: no-cache
Content-Type: application/json; charset=utf-8
host: localhost:11917
accept: */*

Response DefaultHttpResponse(decodeResult: success, version: HTTP/1.1)
HTTP/1.1 200 OK
Content-Length: 51
Content-Type: application/json; charset=utf-8
cache-control: no-cache

14:13:45.119 [AsyncHttpClient-1-2] DEBUG org.asynchttpclient.netty.channel.ChannelManager - Adding key: http://localhost:11917 for channel [id: 0x36e2ac44, L:/127.0.0.1:63214 - R:localhost/127.0.0.1:11917]
14:13:45.126 [Forwarding getPageSource on session ac1a549bc3bb9123c752f3a1372344b1 to remote] DEBUG org.asynchttpclient.netty.request.NettyRequestSender - Using pooled Channel '[id: 0x36e2ac44, L:/127.0.0.1:63214 - R:localhost/127.0.0.1:11917]' for 'POST' to 'http://localhost:11917/session/ac1a549bc3bb9123c752f3a1372344b1/execute/sync'
14:13:45.126 [Forwarding getPageSource on session ac1a549bc3bb9123c752f3a1372344b1 to remote] DEBUG org.asynchttpclient.netty.request.NettyRequestSender - Using open Channel [id: 0x36e2ac44, L:/127.0.0.1:63214 - R:localhost/127.0.0.1:11917] for POST '/session/ac1a549bc3bb9123c752f3a1372344b1/execute/sync'
14:13:45.131 [AsyncHttpClient-1-2] DEBUG org.asynchttpclient.netty.handler.HttpHandler - 

Request DefaultHttpRequest(decodeResult: success, version: HTTP/1.1)
POST /session/ac1a549bc3bb9123c752f3a1372344b1/execute/sync HTTP/1.1
User-Agent: selenium/4.8.1 (java windows)
Content-Length: 176
Content-Type: application/json; charset=utf-8
host: localhost:11917
accept: */*

Response DefaultHttpResponse(decodeResult: success, version: HTTP/1.1)
HTTP/1.1 200 OK
Content-Length: 2943
Content-Type: application/json; charset=utf-8
cache-control: no-cache

14:13:45.131 [AsyncHttpClient-1-2] DEBUG org.asynchttpclient.netty.channel.ChannelManager - Adding key: http://localhost:11917 for channel [id: 0x36e2ac44, L:/127.0.0.1:63214 - R:localhost/127.0.0.1:11917]
14:13:45.136 [Forwarding getCurrentUrl on session ac1a549bc3bb9123c752f3a1372344b1 to remote] DEBUG org.asynchttpclient.netty.request.NettyRequestSender - Using pooled Channel '[id: 0x36e2ac44, L:/127.0.0.1:63214 - R:localhost/127.0.0.1:11917]' for 'GET' to 'http://localhost:11917/session/ac1a549bc3bb9123c752f3a1372344b1/url'
14:13:45.136 [Forwarding getCurrentUrl on session ac1a549bc3bb9123c752f3a1372344b1 to remote] DEBUG org.asynchttpclient.netty.request.NettyRequestSender - Using open Channel [id: 0x36e2ac44, L:/127.0.0.1:63214 - R:localhost/127.0.0.1:11917] for GET '/session/ac1a549bc3bb9123c752f3a1372344b1/url'
14:13:45.140 [AsyncHttpClient-1-2] DEBUG org.asynchttpclient.netty.handler.HttpHandler - 

Request DefaultFullHttpRequest(decodeResult: success, version: HTTP/1.1, content: EmptyByteBufBE)
GET /session/ac1a549bc3bb9123c752f3a1372344b1/url HTTP/1.1
User-Agent: selenium/4.8.1 (java windows)
Cache-Control: no-cache
Content-Type: application/json; charset=utf-8
host: localhost:11917
accept: */*

Response DefaultHttpResponse(decodeResult: success, version: HTTP/1.1)
HTTP/1.1 200 OK
Content-Length: 51
Content-Type: application/json; charset=utf-8
cache-control: no-cache

14:13:45.140 [AsyncHttpClient-1-2] DEBUG org.asynchttpclient.netty.channel.ChannelManager - Adding key: http://localhost:11917 for channel [id: 0x36e2ac44, L:/127.0.0.1:63214 - R:localhost/127.0.0.1:11917]
14:13:45.142 [main] DEBUG net.thucydides.core.steps.StepInterceptor - STARTING STEP: FormSteps.inputValidUname - inputUserName
14:13:45.146 [Forwarding findElement on session ac1a549bc3bb9123c752f3a1372344b1 to remote] DEBUG org.asynchttpclient.netty.request.NettyRequestSender - Using pooled Channel '[id: 0x36e2ac44, L:/127.0.0.1:63214 - R:localhost/127.0.0.1:11917]' for 'POST' to 'http://localhost:11917/session/ac1a549bc3bb9123c752f3a1372344b1/element'
14:13:45.146 [Forwarding findElement on session ac1a549bc3bb9123c752f3a1372344b1 to remote] DEBUG org.asynchttpclient.netty.request.NettyRequestSender - Using open Channel [id: 0x36e2ac44, L:/127.0.0.1:63214 - R:localhost/127.0.0.1:11917] for POST '/session/ac1a549bc3bb9123c752f3a1372344b1/element'
14:13:45.155 [AsyncHttpClient-1-2] DEBUG org.asynchttpclient.netty.handler.HttpHandler - 

Request DefaultHttpRequest(decodeResult: success, version: HTTP/1.1)
POST /session/ac1a549bc3bb9123c752f3a1372344b1/element HTTP/1.1
User-Agent: selenium/4.8.1 (java windows)
Content-Length: 53
Content-Type: application/json; charset=utf-8
host: localhost:11917
accept: */*

Response DefaultHttpResponse(decodeResult: success, version: HTTP/1.1)
HTTP/1.1 200 OK
Content-Length: 88
Content-Type: application/json; charset=utf-8
cache-control: no-cache

14:13:45.155 [AsyncHttpClient-1-2] DEBUG org.asynchttpclient.netty.channel.ChannelManager - Adding key: http://localhost:11917 for channel [id: 0x36e2ac44, L:/127.0.0.1:63214 - R:localhost/127.0.0.1:11917]
14:13:45.156 [Forwarding clearElement on session ac1a549bc3bb9123c752f3a1372344b1 to remote] DEBUG org.asynchttpclient.netty.request.NettyRequestSender - Using pooled Channel '[id: 0x36e2ac44, L:/127.0.0.1:63214 - R:localhost/127.0.0.1:11917]' for 'POST' to 'http://localhost:11917/session/ac1a549bc3bb9123c752f3a1372344b1/element/9a1374d5-1542-4f6a-8d4f-2db79d8fb732/clear'
14:13:45.157 [Forwarding clearElement on session ac1a549bc3bb9123c752f3a1372344b1 to remote] DEBUG org.asynchttpclient.netty.request.NettyRequestSender - Using open Channel [id: 0x36e2ac44, L:/127.0.0.1:63214 - R:localhost/127.0.0.1:11917] for POST '/session/ac1a549bc3bb9123c752f3a1372344b1/element/9a1374d5-1542-4f6a-8d4f-2db79d8fb732/clear'
14:13:45.180 [AsyncHttpClient-1-2] DEBUG org.asynchttpclient.netty.handler.HttpHandler - 

Request DefaultHttpRequest(decodeResult: success, version: HTTP/1.1)
POST /session/ac1a549bc3bb9123c752f3a1372344b1/element/9a1374d5-1542-4f6a-8d4f-2db79d8fb732/clear HTTP/1.1
User-Agent: selenium/4.8.1 (java windows)
Content-Length: 50
Content-Type: application/json; charset=utf-8
host: localhost:11917
accept: */*

Response DefaultHttpResponse(decodeResult: success, version: HTTP/1.1)
HTTP/1.1 200 OK
Content-Length: 14
Content-Type: application/json; charset=utf-8
cache-control: no-cache

14:13:45.180 [AsyncHttpClient-1-2] DEBUG org.asynchttpclient.netty.channel.ChannelManager - Adding key: http://localhost:11917 for channel [id: 0x36e2ac44, L:/127.0.0.1:63214 - R:localhost/127.0.0.1:11917]
14:13:45.183 [Forwarding sendKeysToElement on session ac1a549bc3bb9123c752f3a1372344b1 to remote] DEBUG org.asynchttpclient.netty.request.NettyRequestSender - Using pooled Channel '[id: 0x36e2ac44, L:/127.0.0.1:63214 - R:localhost/127.0.0.1:11917]' for 'POST' to 'http://localhost:11917/session/ac1a549bc3bb9123c752f3a1372344b1/element/9a1374d5-1542-4f6a-8d4f-2db79d8fb732/value'
14:13:45.183 [Forwarding sendKeysToElement on session ac1a549bc3bb9123c752f3a1372344b1 to remote] DEBUG org.asynchttpclient.netty.request.NettyRequestSender - Using open Channel [id: 0x36e2ac44, L:/127.0.0.1:63214 - R:localhost/127.0.0.1:11917] for POST '/session/ac1a549bc3bb9123c752f3a1372344b1/element/9a1374d5-1542-4f6a-8d4f-2db79d8fb732/value'
14:13:45.225 [AsyncHttpClient-1-2] DEBUG org.asynchttpclient.netty.handler.HttpHandler - 

Request DefaultHttpRequest(decodeResult: success, version: HTTP/1.1)
POST /session/ac1a549bc3bb9123c752f3a1372344b1/element/9a1374d5-1542-4f6a-8d4f-2db79d8fb732/value HTTP/1.1
User-Agent: selenium/4.8.1 (java windows)
Content-Length: 161
Content-Type: application/json; charset=utf-8
host: localhost:11917
accept: */*

Response DefaultHttpResponse(decodeResult: success, version: HTTP/1.1)
HTTP/1.1 200 OK
Content-Length: 14
Content-Type: application/json; charset=utf-8
cache-control: no-cache

14:13:45.225 [AsyncHttpClient-1-2] DEBUG org.asynchttpclient.netty.channel.ChannelManager - Adding key: http://localhost:11917 for channel [id: 0x36e2ac44, L:/127.0.0.1:63214 - R:localhost/127.0.0.1:11917]
14:13:45.231 [Forwarding getAlertText on session ac1a549bc3bb9123c752f3a1372344b1 to remote] DEBUG org.asynchttpclient.netty.request.NettyRequestSender - Using pooled Channel '[id: 0x36e2ac44, L:/127.0.0.1:63214 - R:localhost/127.0.0.1:11917]' for 'GET' to 'http://localhost:11917/session/ac1a549bc3bb9123c752f3a1372344b1/alert/text'
14:13:45.232 [Forwarding getAlertText on session ac1a549bc3bb9123c752f3a1372344b1 to remote] DEBUG org.asynchttpclient.netty.request.NettyRequestSender - Using open Channel [id: 0x36e2ac44, L:/127.0.0.1:63214 - R:localhost/127.0.0.1:11917] for GET '/session/ac1a549bc3bb9123c752f3a1372344b1/alert/text'
14:13:45.234 [AsyncHttpClient-1-2] DEBUG org.asynchttpclient.netty.handler.HttpHandler - 

Request DefaultFullHttpRequest(decodeResult: success, version: HTTP/1.1, content: EmptyByteBufBE)
GET /session/ac1a549bc3bb9123c752f3a1372344b1/alert/text HTTP/1.1
User-Agent: selenium/4.8.1 (java windows)
Cache-Control: no-cache
Content-Type: application/json; charset=utf-8
host: localhost:11917
accept: */*

Response DefaultHttpResponse(decodeResult: success, version: HTTP/1.1)
HTTP/1.1 404 Not Found
Content-Length: 836
Content-Type: application/json; charset=utf-8
cache-control: no-cache

14:13:45.234 [AsyncHttpClient-1-2] DEBUG org.asynchttpclient.netty.channel.ChannelManager - Adding key: http://localhost:11917 for channel [id: 0x36e2ac44, L:/127.0.0.1:63214 - R:localhost/127.0.0.1:11917]
14:13:45.236 [Forwarding getCurrentUrl on session ac1a549bc3bb9123c752f3a1372344b1 to remote] DEBUG org.asynchttpclient.netty.request.NettyRequestSender - Using pooled Channel '[id: 0x36e2ac44, L:/127.0.0.1:63214 - R:localhost/127.0.0.1:11917]' for 'GET' to 'http://localhost:11917/session/ac1a549bc3bb9123c752f3a1372344b1/url'
14:13:45.236 [Forwarding getCurrentUrl on session ac1a549bc3bb9123c752f3a1372344b1 to remote] DEBUG org.asynchttpclient.netty.request.NettyRequestSender - Using open Channel [id: 0x36e2ac44, L:/127.0.0.1:63214 - R:localhost/127.0.0.1:11917] for GET '/session/ac1a549bc3bb9123c752f3a1372344b1/url'
14:13:45.241 [AsyncHttpClient-1-2] DEBUG org.asynchttpclient.netty.handler.HttpHandler - 

Request DefaultFullHttpRequest(decodeResult: success, version: HTTP/1.1, content: EmptyByteBufBE)
GET /session/ac1a549bc3bb9123c752f3a1372344b1/url HTTP/1.1
User-Agent: selenium/4.8.1 (java windows)
Cache-Control: no-cache
Content-Type: application/json; charset=utf-8
host: localhost:11917
accept: */*

Response DefaultHttpResponse(decodeResult: success, version: HTTP/1.1)
HTTP/1.1 200 OK
Content-Length: 51
Content-Type: application/json; charset=utf-8
cache-control: no-cache

14:13:45.241 [AsyncHttpClient-1-2] DEBUG org.asynchttpclient.netty.channel.ChannelManager - Adding key: http://localhost:11917 for channel [id: 0x36e2ac44, L:/127.0.0.1:63214 - R:localhost/127.0.0.1:11917]
14:13:45.243 [Forwarding screenshot on session ac1a549bc3bb9123c752f3a1372344b1 to remote] DEBUG org.asynchttpclient.netty.request.NettyRequestSender - Using pooled Channel '[id: 0x36e2ac44, L:/127.0.0.1:63214 - R:localhost/127.0.0.1:11917]' for 'GET' to 'http://localhost:11917/session/ac1a549bc3bb9123c752f3a1372344b1/screenshot'
14:13:45.243 [Forwarding screenshot on session ac1a549bc3bb9123c752f3a1372344b1 to remote] DEBUG org.asynchttpclient.netty.request.NettyRequestSender - Using open Channel [id: 0x36e2ac44, L:/127.0.0.1:63214 - R:localhost/127.0.0.1:11917] for GET '/session/ac1a549bc3bb9123c752f3a1372344b1/screenshot'
14:13:45.339 [AsyncHttpClient-1-2] DEBUG org.asynchttpclient.netty.handler.HttpHandler - 

Request DefaultFullHttpRequest(decodeResult: success, version: HTTP/1.1, content: EmptyByteBufBE)
GET /session/ac1a549bc3bb9123c752f3a1372344b1/screenshot HTTP/1.1
User-Agent: selenium/4.8.1 (java windows)
Cache-Control: no-cache
Content-Type: application/json; charset=utf-8
host: localhost:11917
accept: */*

Response DefaultHttpResponse(decodeResult: success, version: HTTP/1.1)
HTTP/1.1 200 OK
Content-Length: 72892
Content-Type: application/json; charset=utf-8
cache-control: no-cache

14:13:45.340 [AsyncHttpClient-1-2] DEBUG org.asynchttpclient.netty.channel.ChannelManager - Adding key: http://localhost:11917 for channel [id: 0x36e2ac44, L:/127.0.0.1:63214 - R:localhost/127.0.0.1:11917]
14:13:45.343 [main] DEBUG net.serenitybdd.core.photography.Darkroom - Send negative for processing for target\site\serenity\675819d1f1a3ad1ebf777f9e821ec74819e6bf5b37c921f0308b749a574ed558.png
14:13:45.343 [main] DEBUG net.thucydides.core.steps.StepInterceptor - STEP DONE: inputUserName
14:13:45.343 [Darkroom Processing Line] DEBUG net.serenitybdd.core.photography.DarkroomProcessingLine - Processing screenshot image in /var/screenshots/screenshot-10674487267677241810
14:13:45.343 [Darkroom Processing Line] DEBUG net.serenitybdd.core.photography.DarkroomProcessingLine - Saving screenshot to target\site\serenity\675819d1f1a3ad1ebf777f9e821ec74819e6bf5b37c921f0308b749a574ed558.png
  &amp#27;[32mAnd &amp#27;[0m&amp#27;[32mI input valid username&amp#27;[0m                                             &amp#27;[90m# starter.stepdefinitions.FormSteps.inputValidUname()&amp#27;[0m
14:13:45.351 [Forwarding getPageSource on session ac1a549bc3bb9123c752f3a1372344b1 to remote] DEBUG org.asynchttpclient.netty.request.NettyRequestSender - Using pooled Channel '[id: 0x36e2ac44, L:/127.0.0.1:63214 - R:localhost/127.0.0.1:11917]' for 'POST' to 'http://localhost:11917/session/ac1a549bc3bb9123c752f3a1372344b1/execute/sync'
14:13:45.351 [Forwarding getPageSource on session ac1a549bc3bb9123c752f3a1372344b1 to remote] DEBUG org.asynchttpclient.netty.request.NettyRequestSender - Using open Channel [id: 0x36e2ac44, L:/127.0.0.1:63214 - R:localhost/127.0.0.1:11917] for POST '/session/ac1a549bc3bb9123c752f3a1372344b1/execute/sync'
14:13:45.355 [AsyncHttpClient-1-2] DEBUG org.asynchttpclient.netty.handler.HttpHandler - 

Request DefaultHttpRequest(decodeResult: success, version: HTTP/1.1)
POST /session/ac1a549bc3bb9123c752f3a1372344b1/execute/sync HTTP/1.1
User-Agent: selenium/4.8.1 (java windows)
Content-Length: 176
Content-Type: application/json; charset=utf-8
host: localhost:11917
accept: */*

Response DefaultHttpResponse(decodeResult: success, version: HTTP/1.1)
HTTP/1.1 200 OK
Content-Length: 2943
Content-Type: application/json; charset=utf-8
cache-control: no-cache

14:13:45.356 [AsyncHttpClient-1-2] DEBUG org.asynchttpclient.netty.channel.ChannelManager - Adding key: http://localhost:11917 for channel [id: 0x36e2ac44, L:/127.0.0.1:63214 - R:localhost/127.0.0.1:11917]
14:13:45.360 [Forwarding getCurrentUrl on session ac1a549bc3bb9123c752f3a1372344b1 to remote] DEBUG org.asynchttpclient.netty.request.NettyRequestSender - Using pooled Channel '[id: 0x36e2ac44, L:/127.0.0.1:63214 - R:localhost/127.0.0.1:11917]' for 'GET' to 'http://localhost:11917/session/ac1a549bc3bb9123c752f3a1372344b1/url'
14:13:45.360 [Forwarding getCurrentUrl on session ac1a549bc3bb9123c752f3a1372344b1 to remote] DEBUG org.asynchttpclient.netty.request.NettyRequestSender - Using open Channel [id: 0x36e2ac44, L:/127.0.0.1:63214 - R:localhost/127.0.0.1:11917] for GET '/session/ac1a549bc3bb9123c752f3a1372344b1/url'
14:13:45.366 [AsyncHttpClient-1-2] DEBUG org.asynchttpclient.netty.handler.HttpHandler - 

Request DefaultFullHttpRequest(decodeResult: success, version: HTTP/1.1, content: EmptyByteBufBE)
GET /session/ac1a549bc3bb9123c752f3a1372344b1/url HTTP/1.1
User-Agent: selenium/4.8.1 (java windows)
Cache-Control: no-cache
Content-Type: application/json; charset=utf-8
host: localhost:11917
accept: */*

Response DefaultHttpResponse(decodeResult: success, version: HTTP/1.1)
HTTP/1.1 200 OK
Content-Length: 51
Content-Type: application/json; charset=utf-8
cache-control: no-cache

14:13:45.366 [AsyncHttpClient-1-2] DEBUG org.asynchttpclient.netty.channel.ChannelManager - Adding key: http://localhost:11917 for channel [id: 0x36e2ac44, L:/127.0.0.1:63214 - R:localhost/127.0.0.1:11917]
14:13:45.378 [Forwarding getPageSource on session ac1a549bc3bb9123c752f3a1372344b1 to remote] DEBUG org.asynchttpclient.netty.request.NettyRequestSender - Using pooled Channel '[id: 0x36e2ac44, L:/127.0.0.1:63214 - R:localhost/127.0.0.1:11917]' for 'POST' to 'http://localhost:11917/session/ac1a549bc3bb9123c752f3a1372344b1/execute/sync'
14:13:45.378 [Forwarding getPageSource on session ac1a549bc3bb9123c752f3a1372344b1 to remote] DEBUG org.asynchttpclient.netty.request.NettyRequestSender - Using open Channel [id: 0x36e2ac44, L:/127.0.0.1:63214 - R:localhost/127.0.0.1:11917] for POST '/session/ac1a549bc3bb9123c752f3a1372344b1/execute/sync'
14:13:45.383 [AsyncHttpClient-1-2] DEBUG org.asynchttpclient.netty.handler.HttpHandler - 

Request DefaultHttpRequest(decodeResult: success, version: HTTP/1.1)
POST /session/ac1a549bc3bb9123c752f3a1372344b1/execute/sync HTTP/1.1
User-Agent: selenium/4.8.1 (java windows)
Content-Length: 176
Content-Type: application/json; charset=utf-8
host: localhost:11917
accept: */*

Response DefaultHttpResponse(decodeResult: success, version: HTTP/1.1)
HTTP/1.1 200 OK
Content-Length: 2943
Content-Type: application/json; charset=utf-8
cache-control: no-cache

14:13:45.384 [AsyncHttpClient-1-2] DEBUG org.asynchttpclient.netty.channel.ChannelManager - Adding key: http://localhost:11917 for channel [id: 0x36e2ac44, L:/127.0.0.1:63214 - R:localhost/127.0.0.1:11917]
14:13:45.386 [Forwarding getCurrentUrl on session ac1a549bc3bb9123c752f3a1372344b1 to remote] DEBUG org.asynchttpclient.netty.request.NettyRequestSender - Using pooled Channel '[id: 0x36e2ac44, L:/127.0.0.1:63214 - R:localhost/127.0.0.1:11917]' for 'GET' to 'http://localhost:11917/session/ac1a549bc3bb9123c752f3a1372344b1/url'
14:13:45.387 [Forwarding getCurrentUrl on session ac1a549bc3bb9123c752f3a1372344b1 to remote] DEBUG org.asynchttpclient.netty.request.NettyRequestSender - Using open Channel [id: 0x36e2ac44, L:/127.0.0.1:63214 - R:localhost/127.0.0.1:11917] for GET '/session/ac1a549bc3bb9123c752f3a1372344b1/url'
14:13:45.394 [AsyncHttpClient-1-2] DEBUG org.asynchttpclient.netty.handler.HttpHandler - 

Request DefaultFullHttpRequest(decodeResult: success, version: HTTP/1.1, content: EmptyByteBufBE)
GET /session/ac1a549bc3bb9123c752f3a1372344b1/url HTTP/1.1
User-Agent: selenium/4.8.1 (java windows)
Cache-Control: no-cache
Content-Type: application/json; charset=utf-8
host: localhost:11917
accept: */*

Response DefaultHttpResponse(decodeResult: success, version: HTTP/1.1)
HTTP/1.1 200 OK
Content-Length: 51
Content-Type: application/json; charset=utf-8
cache-control: no-cache

14:13:45.395 [AsyncHttpClient-1-2] DEBUG org.asynchttpclient.netty.channel.ChannelManager - Adding key: http://localhost:11917 for channel [id: 0x36e2ac44, L:/127.0.0.1:63214 - R:localhost/127.0.0.1:11917]
14:13:45.400 [main] DEBUG net.thucydides.core.steps.StepInterceptor - STARTING STEP: FormSteps.inputValidPass - inputPassword
14:13:45.407 [Forwarding findElement on session ac1a549bc3bb9123c752f3a1372344b1 to remote] DEBUG org.asynchttpclient.netty.request.NettyRequestSender - Using pooled Channel '[id: 0x36e2ac44, L:/127.0.0.1:63214 - R:localhost/127.0.0.1:11917]' for 'POST' to 'http://localhost:11917/session/ac1a549bc3bb9123c752f3a1372344b1/element'
14:13:45.407 [Forwarding findElement on session ac1a549bc3bb9123c752f3a1372344b1 to remote] DEBUG org.asynchttpclient.netty.request.NettyRequestSender - Using open Channel [id: 0x36e2ac44, L:/127.0.0.1:63214 - R:localhost/127.0.0.1:11917] for POST '/session/ac1a549bc3bb9123c752f3a1372344b1/element'
14:13:45.423 [AsyncHttpClient-1-2] DEBUG org.asynchttpclient.netty.handler.HttpHandler - 

Request DefaultHttpRequest(decodeResult: success, version: HTTP/1.1)
POST /session/ac1a549bc3bb9123c752f3a1372344b1/element HTTP/1.1
User-Agent: selenium/4.8.1 (java windows)
Content-Length: 53
Content-Type: application/json; charset=utf-8
host: localhost:11917
accept: */*

Response DefaultHttpResponse(decodeResult: success, version: HTTP/1.1)
HTTP/1.1 200 OK
Content-Length: 88
Content-Type: application/json; charset=utf-8
cache-control: no-cache

14:13:45.423 [AsyncHttpClient-1-2] DEBUG org.asynchttpclient.netty.channel.ChannelManager - Adding key: http://localhost:11917 for channel [id: 0x36e2ac44, L:/127.0.0.1:63214 - R:localhost/127.0.0.1:11917]
14:13:45.426 [Forwarding clearElement on session ac1a549bc3bb9123c752f3a1372344b1 to remote] DEBUG org.asynchttpclient.netty.request.NettyRequestSender - Using pooled Channel '[id: 0x36e2ac44, L:/127.0.0.1:63214 - R:localhost/127.0.0.1:11917]' for 'POST' to 'http://localhost:11917/session/ac1a549bc3bb9123c752f3a1372344b1/element/354a6545-5bb7-428b-8087-6e158c5228eb/clear'
[...]
HTTP/1.1 200 OK
Content-Length: 2445
Content-Type: application/json; charset=utf-8
cache-control: no-cache

14:13:46.540 [AsyncHttpClient-1-2] DEBUG org.asynchttpclient.netty.channel.ChannelManager - Adding key: http://localhost:11917 for channel [id: 0x36e2ac44, L:/127.0.0.1:63214 - R:localhost/127.0.0.1:11917]
14:13:46.544 [Forwarding getCurrentUrl on session ac1a549bc3bb9123c752f3a1372344b1 to remote] DEBUG org.asynchttpclient.netty.request.NettyRequestSender - Using pooled Channel '[id: 0x36e2ac44, L:/127.0.0.1:63214 - R:localhost/127.0.0.1:11917]' for 'GET' to 'http://localhost:11917/session/ac1a549bc3bb9123c752f3a1372344b1/url'
14:13:46.544 [Forwarding getCurrentUrl on session ac1a549bc3bb9123c752f3a1372344b1 to remote] DEBUG org.asynchttpclient.netty.request.NettyRequestSender - Using open Channel [id: 0x36e2ac44, L:/127.0.0.1:63214 - R:localhost/127.0.0.1:11917] for GET '/session/ac1a549bc3bb9123c752f3a1372344b1/url'
14:13:46.547 [AsyncHttpClient-1-2] DEBUG org.asynchttpclient.netty.handler.HttpHandler - 

Request DefaultFullHttpRequest(decodeResult: success, version: HTTP/1.1, content: EmptyByteBufBE)
GET /session/ac1a549bc3bb9123c752f3a1372344b1/url HTTP/1.1
User-Agent: selenium/4.8.1 (java windows)
Cache-Control: no-cache
Content-Type: application/json; charset=utf-8
host: localhost:11917
accept: */*

Response DefaultHttpResponse(decodeResult: success, version: HTTP/1.1)
HTTP/1.1 200 OK
Content-Length: 52
Content-Type: application/json; charset=utf-8
cache-control: no-cache

14:13:46.547 [AsyncHttpClient-1-2] DEBUG org.asynchttpclient.netty.channel.ChannelManager - Adding key: http://localhost:11917 for channel [id: 0x36e2ac44, L:/127.0.0.1:63214 - R:localhost/127.0.0.1:11917]
14:13:46.549 [main] DEBUG net.thucydides.core.steps.StepInterceptor - STARTING STEP: FormSteps.onSecureAreaPage - validateOnSecureAreaPage
14:13:46.551 [Forwarding findElement on session ac1a549bc3bb9123c752f3a1372344b1 to remote] DEBUG org.asynchttpclient.netty.request.NettyRequestSender - Using pooled Channel '[id: 0x36e2ac44, L:/127.0.0.1:63214 - R:localhost/127.0.0.1:11917]' for 'POST' to 'http://localhost:11917/session/ac1a549bc3bb9123c752f3a1372344b1/element'
14:13:46.552 [Forwarding findElement on session ac1a549bc3bb9123c752f3a1372344b1 to remote] DEBUG org.asynchttpclient.netty.request.NettyRequestSender - Using open Channel [id: 0x36e2ac44, L:/127.0.0.1:63214 - R:localhost/127.0.0.1:11917] for POST '/session/ac1a549bc3bb9123c752f3a1372344b1/element'
14:13:46.561 [AsyncHttpClient-1-2] DEBUG org.asynchttpclient.netty.handler.HttpHandler - 

Request DefaultHttpRequest(decodeResult: success, version: HTTP/1.1)
POST /session/ac1a549bc3bb9123c752f3a1372344b1/element HTTP/1.1
User-Agent: selenium/4.8.1 (java windows)
Content-Length: 56
Content-Type: application/json; charset=utf-8
host: localhost:11917
accept: */*

Response DefaultHttpResponse(decodeResult: success, version: HTTP/1.1)
HTTP/1.1 200 OK
Content-Length: 88
Content-Type: application/json; charset=utf-8
cache-control: no-cache

14:13:46.561 [AsyncHttpClient-1-2] DEBUG org.asynchttpclient.netty.channel.ChannelManager - Adding key: http://localhost:11917 for channel [id: 0x36e2ac44, L:/127.0.0.1:63214 - R:localhost/127.0.0.1:11917]
14:13:46.564 [Forwarding isElementDisplayed on session ac1a549bc3bb9123c752f3a1372344b1 to remote] DEBUG org.asynchttpclient.netty.request.NettyRequestSender - Using pooled Channel '[id: 0x36e2ac44, L:/127.0.0.1:63214 - R:localhost/127.0.0.1:11917]' for 'POST' to 'http://localhost:11917/session/ac1a549bc3bb9123c752f3a1372344b1/execute/sync'
14:13:46.564 [Forwarding isElementDisplayed on session ac1a549bc3bb9123c752f3a1372344b1 to remote] DEBUG org.asynchttpclient.netty.request.NettyRequestSender - Using open Channel [id: 0x36e2ac44, L:/127.0.0.1:63214 - R:localhost/127.0.0.1:11917] for POST '/session/ac1a549bc3bb9123c752f3a1372344b1/execute/sync'
14:13:46.574 [AsyncHttpClient-1-2] DEBUG org.asynchttpclient.netty.handler.HttpHandler - 

Request DefaultHttpRequest(decodeResult: success, version: HTTP/1.1)
POST /session/ac1a549bc3bb9123c752f3a1372344b1/execute/sync HTTP/1.1
User-Agent: selenium/4.8.1 (java windows)
Content-Length: 48807
Content-Type: application/json; charset=utf-8
host: localhost:11917
accept: */*

Response DefaultHttpResponse(decodeResult: success, version: HTTP/1.1)
HTTP/1.1 200 OK
Content-Length: 15
Content-Type: application/json; charset=utf-8
cache-control: no-cache

14:13:46.574 [AsyncHttpClient-1-2] DEBUG org.asynchttpclient.netty.channel.ChannelManager - Adding key: http://localhost:11917 for channel [id: 0x36e2ac44, L:/127.0.0.1:63214 - R:localhost/127.0.0.1:11917]
14:13:46.579 [Forwarding getAlertText on session ac1a549bc3bb9123c752f3a1372344b1 to remote] DEBUG org.asynchttpclient.netty.request.NettyRequestSender - Using pooled Channel '[id: 0x36e2ac44, L:/127.0.0.1:63214 - R:localhost/127.0.0.1:11917]' for 'GET' to 'http://localhost:11917/session/ac1a549bc3bb9123c752f3a1372344b1/alert/text'
14:13:46.580 [Forwarding getAlertText on session ac1a549bc3bb9123c752f3a1372344b1 to remote] DEBUG org.asynchttpclient.netty.request.NettyRequestSender - Using open Channel [id: 0x36e2ac44, L:/127.0.0.1:63214 - R:localhost/127.0.0.1:11917] for GET '/session/ac1a549bc3bb9123c752f3a1372344b1/alert/text'
14:13:46.582 [AsyncHttpClient-1-2] DEBUG org.asynchttpclient.netty.handler.HttpHandler - 

Request DefaultFullHttpRequest(decodeResult: success, version: HTTP/1.1, content: EmptyByteBufBE)
GET /session/ac1a549bc3bb9123c752f3a1372344b1/alert/text HTTP/1.1
User-Agent: selenium/4.8.1 (java windows)
Cache-Control: no-cache
Content-Type: application/json; charset=utf-8
host: localhost:11917
accept: */*

Response DefaultHttpResponse(decodeResult: success, version: HTTP/1.1)
HTTP/1.1 404 Not Found
Content-Length: 836
Content-Type: application/json; charset=utf-8
cache-control: no-cache

14:13:46.583 [AsyncHttpClient-1-2] DEBUG org.asynchttpclient.netty.channel.ChannelManager - Adding key: http://localhost:11917 for channel [id: 0x36e2ac44, L:/127.0.0.1:63214 - R:localhost/127.0.0.1:11917]
14:13:46.586 [Forwarding getCurrentUrl on session ac1a549bc3bb9123c752f3a1372344b1 to remote] DEBUG org.asynchttpclient.netty.request.NettyRequestSender - Using pooled Channel '[id: 0x36e2ac44, L:/127.0.0.1:63214 - R:localhost/127.0.0.1:11917]' for 'GET' to 'http://localhost:11917/session/ac1a549bc3bb9123c752f3a1372344b1/url'
14:13:46.587 [Forwarding getCurrentUrl on session ac1a549bc3bb9123c752f3a1372344b1 to remote] DEBUG org.asynchttpclient.netty.request.NettyRequestSender - Using open Channel [id: 0x36e2ac44, L:/127.0.0.1:63214 - R:localhost/127.0.0.1:11917] for GET '/session/ac1a549bc3bb9123c752f3a1372344b1/url'
14:13:46.592 [AsyncHttpClient-1-2] DEBUG org.asynchttpclient.netty.handler.HttpHandler - 

Request DefaultFullHttpRequest(decodeResult: success, version: HTTP/1.1, content: EmptyByteBufBE)
GET /session/ac1a549bc3bb9123c752f3a1372344b1/url HTTP/1.1
User-Agent: selenium/4.8.1 (java windows)
Cache-Control: no-cache
Content-Type: application/json; charset=utf-8
host: localhost:11917
accept: */*

Response DefaultHttpResponse(decodeResult: success, version: HTTP/1.1)
HTTP/1.1 200 OK
Content-Length: 52
Content-Type: application/json; charset=utf-8
cache-control: no-cache

14:13:46.593 [AsyncHttpClient-1-2] DEBUG org.asynchttpclient.netty.channel.ChannelManager - Adding key: http://localhost:11917 for channel [id: 0x36e2ac44, L:/127.0.0.1:63214 - R:localhost/127.0.0.1:11917]
14:13:46.594 [Forwarding screenshot on session ac1a549bc3bb9123c752f3a1372344b1 to remote] DEBUG org.asynchttpclient.netty.request.NettyRequestSender - Using pooled Channel '[id: 0x36e2ac44, L:/127.0.0.1:63214 - R:localhost/127.0.0.1:11917]' for 'GET' to 'http://localhost:11917/session/ac1a549bc3bb9123c752f3a1372344b1/screenshot'
14:13:46.594 [Forwarding screenshot on session ac1a549bc3bb9123c752f3a1372344b1 to remote] DEBUG org.asynchttpclient.netty.request.NettyRequestSender - Using open Channel [id: 0x36e2ac44, L:/127.0.0.1:63214 - R:localhost/127.0.0.1:11917] for GET '/session/ac1a549bc3bb9123c752f3a1372344b1/screenshot'
14:13:46.715 [AsyncHttpClient-1-2] DEBUG org.asynchttpclient.netty.handler.HttpHandler - 

Request DefaultFullHttpRequest(decodeResult: success, version: HTTP/1.1, content: EmptyByteBufBE)
GET /session/ac1a549bc3bb9123c752f3a1372344b1/screenshot HTTP/1.1
User-Agent: selenium/4.8.1 (java windows)
Cache-Control: no-cache
Content-Type: application/json; charset=utf-8
host: localhost:11917
accept: */*

Response DefaultHttpResponse(decodeResult: success, version: HTTP/1.1)
HTTP/1.1 200 OK
Content-Length: 48300
Content-Type: application/json; charset=utf-8
cache-control: no-cache

14:13:46.716 [AsyncHttpClient-1-2] DEBUG org.asynchttpclient.netty.channel.ChannelManager - Adding key: http://localhost:11917 for channel [id: 0x36e2ac44, L:/127.0.0.1:63214 - R:localhost/127.0.0.1:11917]
14:13:46.719 [main] DEBUG net.serenitybdd.core.photography.Darkroom - Send negative for processing for target\site\serenity\3acf59bdc0dcb242c52c710d25f9f2a6d9c382cb41985744a67c90911135cb8b.png
14:13:46.719 [main] DEBUG net.thucydides.core.steps.StepInterceptor - STEP DONE: validateOnSecureAreaPage
  &amp#27;[32mThen &amp#27;[0m&amp#27;[32mI am on the secure area page&amp#27;[0m                                      &amp#27;[90m# starter.stepdefinitions.FormSteps.onSecureAreaPage()&amp#27;[0m
14:13:46.732 [main] INFO  - 
  _____   ___   ___   _____     ___     _     ___   ___   ___   ___  
 |_   _| | __| / __| |_   _|   | _ \   /_\   / __| / __| | __| |   \ 
   | |   | _|  \__ \   | |     |  _/  / _ \  \__ \ \__ \ | _|  | |) |
   |_|   |___| |___/   |_|     |_|   /_/ \_\ |___/ |___/ |___| |___/ 

User successfully login with input right username and password
----------------------------------------------------------------------
14:13:46.779 [Driver Command Executor] DEBUG org.asynchttpclient.netty.request.NettyRequestSender - Using pooled Channel '[id: 0x36e2ac44, L:/127.0.0.1:63214 - R:localhost/127.0.0.1:11917]' for 'DELETE' to 'http://localhost:11917/session/ac1a549bc3bb9123c752f3a1372344b1'
14:13:46.779 [Driver Command Executor] DEBUG org.asynchttpclient.netty.request.NettyRequestSender - Using open Channel [id: 0x36e2ac44, L:/127.0.0.1:63214 - R:localhost/127.0.0.1:11917] for DELETE '/session/ac1a549bc3bb9123c752f3a1372344b1'
14:13:46.827 [AsyncHttpClient-1-4] DEBUG org.asynchttpclient.netty.handler.WebSocketHandler - Unexpected I/O exception on channel [id: 0x1a48d060, L:/127.0.0.1:63222 - R:localhost/127.0.0.1:63215]
java.net.SocketException: Connection reset
	at java.base/sun.nio.ch.SocketChannelImpl.throwConnectionReset(SocketChannelImpl.java:367)
	at java.base/sun.nio.ch.SocketChannelImpl.read(SocketChannelImpl.java:398)
	at io.netty.buffer.PooledByteBuf.setBytes(PooledByteBuf.java:259)
	at io.netty.buffer.AbstractByteBuf.writeBytes(AbstractByteBuf.java:1132)
	at io.netty.channel.socket.nio.NioSocketChannel.doReadBytes(NioSocketChannel.java:357)
	at io.netty.channel.nio.AbstractNioByteChannel$NioByteUnsafe.read(AbstractNioByteChannel.java:151)
	at io.netty.channel.nio.NioEventLoop.processSelectedKey(NioEventLoop.java:788)
	at io.netty.channel.nio.NioEventLoop.processSelectedKeysOptimized(NioEventLoop.java:724)
	at io.netty.channel.nio.NioEventLoop.processSelectedKeys(NioEventLoop.java:650)
	at io.netty.channel.nio.NioEventLoop.run(NioEventLoop.java:562)
	at io.netty.util.concurrent.SingleThreadEventExecutor$4.run(SingleThreadEventExecutor.java:997)
	at io.netty.util.internal.ThreadExecutorMap$2.run(ThreadExecutorMap.java:74)
	at io.netty.util.concurrent.FastThreadLocalRunnable.run(FastThreadLocalRunnable.java:30)
	at java.base/java.lang.Thread.run(Thread.java:832)
14:13:46.827 [AsyncHttpClient-1-3] DEBUG org.asynchttpclient.netty.handler.HttpHandler - Unexpected I/O exception on channel [id: 0xbcf1f037, L:/127.0.0.1:63221 - R:localhost/127.0.0.1:63215]
java.net.SocketException: Connection reset
	at java.base/sun.nio.ch.SocketChannelImpl.throwConnectionReset(SocketChannelImpl.java:367)
	at java.base/sun.nio.ch.SocketChannelImpl.read(SocketChannelImpl.java:398)
	at io.netty.buffer.PooledByteBuf.setBytes(PooledByteBuf.java:259)
	at io.netty.buffer.AbstractByteBuf.writeBytes(AbstractByteBuf.java:1132)
	at io.netty.channel.socket.nio.NioSocketChannel.doReadBytes(NioSocketChannel.java:357)
	at io.netty.channel.nio.AbstractNioByteChannel$NioByteUnsafe.read(AbstractNioByteChannel.java:151)
	at io.netty.channel.nio.NioEventLoop.processSelectedKey(NioEventLoop.java:788)
	at io.netty.channel.nio.NioEventLoop.processSelectedKeysOptimized(NioEventLoop.java:724)
	at io.netty.channel.nio.NioEventLoop.processSelectedKeys(NioEventLoop.java:650)
	at io.netty.channel.nio.NioEventLoop.run(NioEventLoop.java:562)
	at io.netty.util.concurrent.SingleThreadEventExecutor$4.run(SingleThreadEventExecutor.java:997)
	at io.netty.util.internal.ThreadExecutorMap$2.run(ThreadExecutorMap.java:74)
	at io.netty.util.concurrent.FastThreadLocalRunnable.run(FastThreadLocalRunnable.java:30)
	at java.base/java.lang.Thread.run(Thread.java:832)
14:13:46.828 [AsyncHttpClient-1-3] DEBUG org.asynchttpclient.netty.channel.ChannelManager - Closing Channel [id: 0xbcf1f037, L:/127.0.0.1:63221 - R:localhost/127.0.0.1:63215] 
14:13:46.829 [AsyncHttpClient-1-4] DEBUG org.asynchttpclient.netty.handler.WebSocketHandler - Was unable to recover Future: NettyResponseFuture{currentRetry=0,
	isDone=1,
	isCancelled=0,
	asyncHandler=org.asynchttpclient.ws.WebSocketUpgradeHandler@3c16a683,
	nettyRequest=org.asynchttpclient.netty.request.NettyRequest@797bfbba,
	future=java.util.concurrent.CompletableFuture@2f480f1f[Completed normally],
	uri=ws://localhost:63215/devtools/browser/3290e03a-ec3f-41fe-bf4f-c11731aac480,
	keepAlive=true,
	redirectCount=0,
	timeoutsHolder=null,
	inAuth=0,
	touch=1680333226828}
14:13:46.829 [AsyncHttpClient-1-4] DEBUG org.asynchttpclient.netty.channel.ChannelManager - Closing Channel [id: 0x1a48d060, L:/127.0.0.1:63222 - R:localhost/127.0.0.1:63215] 
14:13:46.830 [AsyncHttpClient-1-4] WARN org.asynchttpclient.netty.handler.WebSocketHandler - onError
java.net.SocketException: Connection reset
	at java.base/sun.nio.ch.SocketChannelImpl.throwConnectionReset(SocketChannelImpl.java:367)
	at java.base/sun.nio.ch.SocketChannelImpl.read(SocketChannelImpl.java:398)
	at io.netty.buffer.PooledByteBuf.setBytes(PooledByteBuf.java:259)
	at io.netty.buffer.AbstractByteBuf.writeBytes(AbstractByteBuf.java:1132)
	at io.netty.channel.socket.nio.NioSocketChannel.doReadBytes(NioSocketChannel.java:357)
	at io.netty.channel.nio.AbstractNioByteChannel$NioByteUnsafe.read(AbstractNioByteChannel.java:151)
	at io.netty.channel.nio.NioEventLoop.processSelectedKey(NioEventLoop.java:788)
	at io.netty.channel.nio.NioEventLoop.processSelectedKeysOptimized(NioEventLoop.java:724)
	at io.netty.channel.nio.NioEventLoop.processSelectedKeys(NioEventLoop.java:650)
	at io.netty.channel.nio.NioEventLoop.run(NioEventLoop.java:562)
	at io.netty.util.concurrent.SingleThreadEventExecutor$4.run(SingleThreadEventExecutor.java:997)
	at io.netty.util.internal.ThreadExecutorMap$2.run(ThreadExecutorMap.java:74)
	at io.netty.util.concurrent.FastThreadLocalRunnable.run(FastThreadLocalRunnable.java:30)
	at java.base/java.lang.Thread.run(Thread.java:832)
14:13:46.832 [AsyncHttpClient-1-3] DEBUG org.asynchttpclient.netty.handler.HttpHandler - Channel Closed: [id: 0xbcf1f037, L:/127.0.0.1:63221 ! R:localhost/127.0.0.1:63215] with attribute DISCARD
14:13:46.833 [AsyncHttpClient-1-4] DEBUG org.asynchttpclient.netty.channel.ChannelManager - Closing Channel [id: 0x1a48d060, L:/127.0.0.1:63222 ! R:localhost/127.0.0.1:63215] 
14:13:46.833 [AsyncHttpClient-1-4] DEBUG org.asynchttpclient.netty.handler.WebSocketHandler - Channel Closed: [id: 0x1a48d060, L:/127.0.0.1:63222 ! R:localhost/127.0.0.1:63215] with attribute DISCARD
14:13:46.836 [AsyncHttpClient-1-2] DEBUG org.asynchttpclient.netty.handler.HttpHandler - 

Request DefaultFullHttpRequest(decodeResult: success, version: HTTP/1.1, content: EmptyByteBufBE)
DELETE /session/ac1a549bc3bb9123c752f3a1372344b1 HTTP/1.1
User-Agent: selenium/4.8.1 (java windows)
Content-Type: application/json; charset=utf-8
host: localhost:11917
accept: */*

Response DefaultHttpResponse(decodeResult: success, version: HTTP/1.1)
HTTP/1.1 200 OK
Content-Length: 14
Content-Type: application/json; charset=utf-8
cache-control: no-cache

14:13:46.837 [AsyncHttpClient-1-2] DEBUG org.asynchttpclient.netty.channel.ChannelManager - Adding key: http://localhost:11917 for channel [id: 0x36e2ac44, L:/127.0.0.1:63214 - R:localhost/127.0.0.1:11917]
14:13:46.941 [AsyncHttpClient-1-2] DEBUG org.asynchttpclient.netty.handler.HttpHandler - Channel Closed: [id: 0x36e2ac44, L:/127.0.0.1:63214 ! R:localhost/127.0.0.1:11917] with attribute DISCARD
14:13:47.146 [AsyncHttpClient-1-1] DEBUG org.asynchttpclient.netty.channel.DefaultChannelPool - Entry count for : http://localhost:11917 : 1
14:13:47.146 [AsyncHttpClient-1-1] DEBUG org.asynchttpclient.netty.channel.DefaultChannelPool - Entry count for : http://localhost:63215 : 1
14:13:47.146 [AsyncHttpClient-1-1] DEBUG org.asynchttpclient.netty.channel.DefaultChannelPool - Adding Candidate expired Channel [id: 0x36e2ac44, L:/127.0.0.1:63214 ! R:localhost/127.0.0.1:11917] isIdleTimeoutExpired=false isRemotelyClosed=true isTtlExpired=false
14:13:47.146 [AsyncHttpClient-1-1] DEBUG org.asynchttpclient.netty.channel.DefaultChannelPool - Closing Idle Channel [id: 0x36e2ac44, L:/127.0.0.1:63214 ! R:localhost/127.0.0.1:11917]
14:13:47.146 [AsyncHttpClient-1-1] DEBUG org.asynchttpclient.netty.channel.DefaultChannelPool - Adding Candidate expired Channel [id: 0xbcf1f037, L:/127.0.0.1:63221 ! R:localhost/127.0.0.1:63215] isIdleTimeoutExpired=false isRemotelyClosed=true isTtlExpired=false
14:13:47.146 [AsyncHttpClient-1-1] DEBUG org.asynchttpclient.netty.channel.DefaultChannelPool - Closing Idle Channel [id: 0xbcf1f037, L:/127.0.0.1:63221 ! R:localhost/127.0.0.1:63215]
14:13:47.146 [AsyncHttpClient-1-1] DEBUG org.asynchttpclient.netty.channel.DefaultChannelPool - Closed 2 connections out of 2 in 0 ms
]]></system-out>
    <system-err><![CDATA[Starting ChromeDriver 111.0.5563.64 (c710e93d5b63b7095afe8c2c17df34408078439d-refs/branch-heads/5563@{#995}) on port 11917
Only local connections are allowed.
Please see https://chromedriver.chromium.org/security-considerations for suggestions on keeping ChromeDriver safe.
ChromeDriver was started successfully.
Apr 01, 2023 2:13:36 PM org.openqa.selenium.devtools.CdpVersionFinder findNearestMatch
WARNING: Unable to find an exact match for CDP version 111, so returning the closest version found: 110
Apr 01, 2023 2:13:46 PM org.openqa.selenium.remote.http.WebSocket$Listener onError
WARNING: Connection reset
java.net.SocketException: Connection reset
	at java.base/sun.nio.ch.SocketChannelImpl.throwConnectionReset(SocketChannelImpl.java:367)
	at java.base/sun.nio.ch.SocketChannelImpl.read(SocketChannelImpl.java:398)
	at io.netty.buffer.PooledByteBuf.setBytes(PooledByteBuf.java:259)
	at io.netty.buffer.AbstractByteBuf.writeBytes(AbstractByteBuf.java:1132)
	at io.netty.channel.socket.nio.NioSocketChannel.doReadBytes(NioSocketChannel.java:357)
	at io.netty.channel.nio.AbstractNioByteChannel$NioByteUnsafe.read(AbstractNioByteChannel.java:151)
	at io.netty.channel.nio.NioEventLoop.processSelectedKey(NioEventLoop.java:788)
	at io.netty.channel.nio.NioEventLoop.processSelectedKeysOptimized(NioEventLoop.java:724)
	at io.netty.channel.nio.NioEventLoop.processSelectedKeys(NioEventLoop.java:650)
	at io.netty.channel.nio.NioEventLoop.run(NioEventLoop.java:562)
	at io.netty.util.concurrent.SingleThreadEventExecutor$4.run(SingleThreadEventExecutor.java:997)
	at io.netty.util.internal.ThreadExecutorMap$2.run(ThreadExecutorMap.java:74)
	at io.netty.util.concurrent.FastThreadLocalRunnable.run(FastThreadLocalRunnable.java:30)
	at java.base/java.lang.Thread.run(Thread.java:832)

]]></system-err>
  </testcase>
</testsuite>